0 verbose cli C:\node.exe C:\node_modules\npm\bin\npm-cli.js
1 info using npm@10.9.3
2 info using node@v22.18.0
3 silly config load:file:C:\node_modules\npm\npmrc
4 silly config load:file:C:\Users\Daffa\.npmrc
5 silly config load:file:C:\Users\Daffa\Documents\Projects\PT-Hanielshen_Internship_Mobile\%USERPROFILE%\npm\etc\npmrc
6 verbose title npm install npm@11.6.1
7 verbose argv "install" "--global" "npm@11.6.1"
8 verbose logfile logs-max:10 dir:C:\Users\Daffa\Documents\Projects\PT-Hanielshen_Internship_Mobile\%USERPROFILE%\npm-cache\_logs\2025-10-03T07_06_53_486Z-
9 verbose logfile C:\Users\Daffa\Documents\Projects\PT-Hanielshen_Internship_Mobile\%USERPROFILE%\npm-cache\_logs\2025-10-03T07_06_53_486Z-debug-0.log
10 silly logfile done cleaning log files
11 http fetch GET 200 https://registry.npmjs.org/npm 204ms (cache miss)
12 silly packumentCache heap:4345298944 maxSize:1086324736 maxEntrySize:543162368
13 silly idealTree buildDeps
14 silly fetch manifest npm@11.6.1
15 silly packumentCache full:https://registry.npmjs.org/npm cache-miss
16 http fetch GET 200 https://registry.npmjs.org/npm 2582ms (cache miss)
17 silly packumentCache full:https://registry.npmjs.org/npm set size:undefined disposed:false
18 silly placeDep ROOT npm@11.6.1 OK for:  want: 11.6.1
19 silly reify moves {}
20 http cache npm@https://registry.npmjs.org/npm/-/npm-11.6.1.tgz 0ms (cache hit)
21 silly tarball no local data for npm@https://registry.npmjs.org/npm/-/npm-11.6.1.tgz. Extracting by manifest.
22 http fetch GET 200 https://registry.npmjs.org/npm/-/npm-11.6.1.tgz 4364ms (cache miss)
23 silly ADD node_modules/npm
24 verbose cwd C:\Users\Daffa\Documents\Projects\PT-Hanielshen_Internship_Mobile
25 verbose os Windows_NT 10.0.26100
26 verbose node v22.18.0
27 verbose npm  v10.9.3
28 verbose exit 0
29 info ok
