0 verbose cli C:\node.exe C:\node_modules\npm\bin\npm-cli.js
1 info using npm@10.9.3
2 info using node@v22.18.0
3 silly config load:file:C:\node_modules\npm\npmrc
4 silly config load:file:C:\Users\Daffa\Documents\Projects\PT-Hanielshen_Internship_Mobile\.npmrc
5 silly config load:file:C:\Users\Daffa\.npmrc
6 silly config load:file:C:\Users\Daffa\Documents\Projects\PT-Hanielshen_Internship_Mobile\%USERPROFILE%\npm\etc\npmrc
7 verbose title npm i
8 verbose argv "i"
9 verbose logfile logs-max:10 dir:C:\Users\Daffa\Documents\Projects\PT-Hanielshen_Internship_Mobile\%USERPROFILE%\npm-cache\_logs\2025-10-03T07_01_47_935Z-
10 verbose logfile C:\Users\Daffa\Documents\Projects\PT-Hanielshen_Internship_Mobile\%USERPROFILE%\npm-cache\_logs\2025-10-03T07_01_47_935Z-debug-0.log
11 silly logfile done cleaning log files
12 silly packumentCache heap:4345298944 maxSize:1086324736 maxEntrySize:543162368
13 silly idealTree buildDeps
14 silly reify moves {}
15 verbose reify failed optional dependency C:\Users\Daffa\Documents\Projects\PT-Hanielshen_Internship_Mobile\node_modules\@tailwindcss\oxide-wasm32-wasi
16 silly reify mark deleted [
16 silly reify   'C:\\Users\\Daffa\\Documents\\Projects\\PT-Hanielshen_Internship_Mobile\\node_modules\\@tailwindcss\\oxide-wasm32-wasi'
16 silly reify ]
17 silly audit bulk request {
17 silly audit   '@alloc/quick-lru': [ '5.2.0' ],
17 silly audit   '@emnapi/runtime': [ '1.5.0' ],
17 silly audit   '@img/colour': [ '1.0.0' ],
17 silly audit   '@img/sharp-darwin-arm64': [ '0.34.4' ],
17 silly audit   '@img/sharp-darwin-x64': [ '0.34.4' ],
17 silly audit   '@img/sharp-libvips-darwin-arm64': [ '1.2.3' ],
17 silly audit   '@img/sharp-libvips-darwin-x64': [ '1.2.3' ],
17 silly audit   '@img/sharp-libvips-linux-arm': [ '1.2.3' ],
17 silly audit   '@img/sharp-libvips-linux-arm64': [ '1.2.3' ],
17 silly audit   '@img/sharp-libvips-linux-ppc64': [ '1.2.3' ],
17 silly audit   '@img/sharp-libvips-linux-s390x': [ '1.2.3' ],
17 silly audit   '@img/sharp-libvips-linux-x64': [ '1.2.3' ],
17 silly audit   '@img/sharp-libvips-linuxmusl-arm64': [ '1.2.3' ],
17 silly audit   '@img/sharp-libvips-linuxmusl-x64': [ '1.2.3' ],
17 silly audit   '@img/sharp-linux-arm': [ '0.34.4' ],
17 silly audit   '@img/sharp-linux-arm64': [ '0.34.4' ],
17 silly audit   '@img/sharp-linux-ppc64': [ '0.34.4' ],
17 silly audit   '@img/sharp-linux-s390x': [ '0.34.4' ],
17 silly audit   '@img/sharp-linux-x64': [ '0.34.4' ],
17 silly audit   '@img/sharp-linuxmusl-arm64': [ '0.34.4' ],
17 silly audit   '@img/sharp-linuxmusl-x64': [ '0.34.4' ],
17 silly audit   '@img/sharp-wasm32': [ '0.34.4' ],
17 silly audit   '@img/sharp-win32-arm64': [ '0.34.4' ],
17 silly audit   '@img/sharp-win32-ia32': [ '0.34.4' ],
17 silly audit   '@img/sharp-win32-x64': [ '0.34.4' ],
17 silly audit   '@isaacs/fs-minipass': [ '4.0.1' ],
17 silly audit   '@jridgewell/gen-mapping': [ '0.3.13' ],
17 silly audit   '@jridgewell/remapping': [ '2.3.5' ],
17 silly audit   '@jridgewell/resolve-uri': [ '3.1.2' ],
17 silly audit   '@jridgewell/sourcemap-codec': [ '1.5.5' ],
17 silly audit   '@jridgewell/trace-mapping': [ '0.3.31' ],
17 silly audit   '@next/env': [ '15.5.4' ],
17 silly audit   '@next/swc-darwin-arm64': [ '15.5.4' ],
17 silly audit   '@next/swc-darwin-x64': [ '15.5.4' ],
17 silly audit   '@next/swc-linux-arm64-gnu': [ '15.5.4' ],
17 silly audit   '@next/swc-linux-arm64-musl': [ '15.5.4' ],
17 silly audit   '@next/swc-linux-x64-gnu': [ '15.5.4' ],
17 silly audit   '@next/swc-linux-x64-musl': [ '15.5.4' ],
17 silly audit   '@next/swc-win32-arm64-msvc': [ '15.5.4' ],
17 silly audit   '@next/swc-win32-x64-msvc': [ '15.5.4' ],
17 silly audit   '@swc/helpers': [ '0.5.15' ],
17 silly audit   '@tailwindcss/node': [ '4.1.13' ],
17 silly audit   '@tailwindcss/oxide': [ '4.1.13' ],
17 silly audit   '@tailwindcss/oxide-android-arm64': [ '4.1.13' ],
17 silly audit   '@tailwindcss/oxide-darwin-arm64': [ '4.1.13' ],
17 silly audit   '@tailwindcss/oxide-darwin-x64': [ '4.1.13' ],
17 silly audit   '@tailwindcss/oxide-freebsd-x64': [ '4.1.13' ],
17 silly audit   '@tailwindcss/oxide-linux-arm-gnueabihf': [ '4.1.13' ],
17 silly audit   '@tailwindcss/oxide-linux-arm64-gnu': [ '4.1.13' ],
17 silly audit   '@tailwindcss/oxide-linux-arm64-musl': [ '4.1.13' ],
17 silly audit   '@tailwindcss/oxide-linux-x64-gnu': [ '4.1.13' ],
17 silly audit   '@tailwindcss/oxide-linux-x64-musl': [ '4.1.13' ],
17 silly audit   '@tailwindcss/oxide-win32-arm64-msvc': [ '4.1.13' ],
17 silly audit   '@tailwindcss/oxide-win32-x64-msvc': [ '4.1.13' ],
17 silly audit   '@tailwindcss/postcss': [ '4.1.13' ],
17 silly audit   '@types/node': [ '20.19.18' ],
17 silly audit   '@types/react': [ '19.1.16' ],
17 silly audit   '@types/react-dom': [ '19.1.9' ],
17 silly audit   autoprefixer: [ '10.4.21' ],
17 silly audit   'baseline-browser-mapping': [ '2.8.9' ],
17 silly audit   browserslist: [ '4.26.2' ],
17 silly audit   'caniuse-lite': [ '1.0.30001746' ],
17 silly audit   chownr: [ '3.0.0' ],
17 silly audit   'client-only': [ '0.0.1' ],
17 silly audit   clsx: [ '2.1.1' ],
17 silly audit   csstype: [ '3.1.3' ],
17 silly audit   'detect-libc': [ '2.1.1' ],
17 silly audit   'electron-to-chromium': [ '1.5.227' ],
17 silly audit   'enhanced-resolve': [ '5.18.3' ],
17 silly audit   escalade: [ '3.2.0' ],
17 silly audit   'fraction.js': [ '4.3.7' ],
17 silly audit   'graceful-fs': [ '4.2.11' ],
17 silly audit   jiti: [ '2.6.0' ],
17 silly audit   lightningcss: [ '1.30.1' ],
17 silly audit   'lightningcss-darwin-arm64': [ '1.30.1' ],
17 silly audit   'lightningcss-darwin-x64': [ '1.30.1' ],
17 silly audit   'lightningcss-freebsd-x64': [ '1.30.1' ],
17 silly audit   'lightningcss-linux-arm-gnueabihf': [ '1.30.1' ],
17 silly audit   'lightningcss-linux-arm64-gnu': [ '1.30.1' ],
17 silly audit   'lightningcss-linux-arm64-musl': [ '1.30.1' ],
17 silly audit   'lightningcss-linux-x64-gnu': [ '1.30.1' ],
17 silly audit   'lightningcss-linux-x64-musl': [ '1.30.1' ],
17 silly audit   'lightningcss-win32-arm64-msvc': [ '1.30.1' ],
17 silly audit   'lightningcss-win32-x64-msvc': [ '1.30.1' ],
17 silly audit   'magic-string': [ '0.30.19' ],
17 silly audit   minipass: [ '7.1.2' ],
17 silly audit   minizlib: [ '3.1.0' ],
17 silly audit   nanoid: [ '3.3.11' ],
17 silly audit   next: [ '15.5.4' ],
17 silly audit   postcss: [ '8.4.31', '8.5.6' ],
17 silly audit   'node-releases': [ '2.0.21' ],
17 silly audit   'normalize-range': [ '0.1.2' ],
17 silly audit   picocolors: [ '1.1.1' ],
17 silly audit   'postcss-value-parser': [ '4.2.0' ],
17 silly audit   react: [ '19.1.0' ],
17 silly audit   'react-dom': [ '19.1.0' ],
17 silly audit   scheduler: [ '0.26.0' ],
17 silly audit   semver: [ '7.7.2' ],
17 silly audit   sharp: [ '0.34.4' ],
17 silly audit   'source-map-js': [ '1.2.1' ],
17 silly audit   'styled-jsx': [ '5.1.6' ],
17 silly audit   'tailwind-merge': [ '3.3.1' ],
17 silly audit   tailwindcss: [ '4.1.13' ],
17 silly audit   tapable: [ '2.2.3' ],
17 silly audit   tar: [ '7.5.1' ],
17 silly audit   tslib: [ '2.8.1' ],
17 silly audit   typescript: [ '5.9.2' ],
17 silly audit   'undici-types': [ '6.21.0' ],
17 silly audit   'update-browserslist-db': [ '1.1.3' ],
17 silly audit   yallist: [ '5.0.0' ],
17 silly audit   '@tailwindcss/oxide-wasm32-wasi': [ '4.1.13' ]
17 silly audit }
18 verbose reify failed optional dependency C:\Users\Daffa\Documents\Projects\PT-Hanielshen_Internship_Mobile\node_modules\lightningcss-win32-arm64-msvc
19 silly reify mark deleted [
19 silly reify   'C:\\Users\\Daffa\\Documents\\Projects\\PT-Hanielshen_Internship_Mobile\\node_modules\\lightningcss-win32-arm64-msvc'
19 silly reify ]
20 verbose reify failed optional dependency C:\Users\Daffa\Documents\Projects\PT-Hanielshen_Internship_Mobile\node_modules\lightningcss-linux-x64-musl
21 silly reify mark deleted [
21 silly reify   'C:\\Users\\Daffa\\Documents\\Projects\\PT-Hanielshen_Internship_Mobile\\node_modules\\lightningcss-linux-x64-musl'
21 silly reify ]
22 verbose reify failed optional dependency C:\Users\Daffa\Documents\Projects\PT-Hanielshen_Internship_Mobile\node_modules\lightningcss-linux-x64-gnu
23 silly reify mark deleted [
23 silly reify   'C:\\Users\\Daffa\\Documents\\Projects\\PT-Hanielshen_Internship_Mobile\\node_modules\\lightningcss-linux-x64-gnu'
23 silly reify ]
24 verbose reify failed optional dependency C:\Users\Daffa\Documents\Projects\PT-Hanielshen_Internship_Mobile\node_modules\lightningcss-linux-arm64-musl
25 silly reify mark deleted [
25 silly reify   'C:\\Users\\Daffa\\Documents\\Projects\\PT-Hanielshen_Internship_Mobile\\node_modules\\lightningcss-linux-arm64-musl'
25 silly reify ]
26 verbose reify failed optional dependency C:\Users\Daffa\Documents\Projects\PT-Hanielshen_Internship_Mobile\node_modules\lightningcss-linux-arm64-gnu
27 silly reify mark deleted [
27 silly reify   'C:\\Users\\Daffa\\Documents\\Projects\\PT-Hanielshen_Internship_Mobile\\node_modules\\lightningcss-linux-arm64-gnu'
27 silly reify ]
28 verbose reify failed optional dependency C:\Users\Daffa\Documents\Projects\PT-Hanielshen_Internship_Mobile\node_modules\lightningcss-linux-arm-gnueabihf
29 silly reify mark deleted [
29 silly reify   'C:\\Users\\Daffa\\Documents\\Projects\\PT-Hanielshen_Internship_Mobile\\node_modules\\lightningcss-linux-arm-gnueabihf'
29 silly reify ]
30 verbose reify failed optional dependency C:\Users\Daffa\Documents\Projects\PT-Hanielshen_Internship_Mobile\node_modules\lightningcss-freebsd-x64
31 silly reify mark deleted [
31 silly reify   'C:\\Users\\Daffa\\Documents\\Projects\\PT-Hanielshen_Internship_Mobile\\node_modules\\lightningcss-freebsd-x64'
31 silly reify ]
32 verbose reify failed optional dependency C:\Users\Daffa\Documents\Projects\PT-Hanielshen_Internship_Mobile\node_modules\lightningcss-darwin-x64
33 silly reify mark deleted [
33 silly reify   'C:\\Users\\Daffa\\Documents\\Projects\\PT-Hanielshen_Internship_Mobile\\node_modules\\lightningcss-darwin-x64'
33 silly reify ]
34 verbose reify failed optional dependency C:\Users\Daffa\Documents\Projects\PT-Hanielshen_Internship_Mobile\node_modules\lightningcss-darwin-arm64
35 silly reify mark deleted [
35 silly reify   'C:\\Users\\Daffa\\Documents\\Projects\\PT-Hanielshen_Internship_Mobile\\node_modules\\lightningcss-darwin-arm64'
35 silly reify ]
36 verbose reify failed optional dependency C:\Users\Daffa\Documents\Projects\PT-Hanielshen_Internship_Mobile\node_modules\@tailwindcss\oxide-win32-arm64-msvc
37 silly reify mark deleted [
37 silly reify   'C:\\Users\\Daffa\\Documents\\Projects\\PT-Hanielshen_Internship_Mobile\\node_modules\\@tailwindcss\\oxide-win32-arm64-msvc'
37 silly reify ]
38 verbose reify failed optional dependency C:\Users\Daffa\Documents\Projects\PT-Hanielshen_Internship_Mobile\node_modules\@tailwindcss\oxide-linux-x64-musl
39 silly reify mark deleted [
39 silly reify   'C:\\Users\\Daffa\\Documents\\Projects\\PT-Hanielshen_Internship_Mobile\\node_modules\\@tailwindcss\\oxide-linux-x64-musl'
39 silly reify ]
40 verbose reify failed optional dependency C:\Users\Daffa\Documents\Projects\PT-Hanielshen_Internship_Mobile\node_modules\@tailwindcss\oxide-linux-x64-gnu
41 silly reify mark deleted [
41 silly reify   'C:\\Users\\Daffa\\Documents\\Projects\\PT-Hanielshen_Internship_Mobile\\node_modules\\@tailwindcss\\oxide-linux-x64-gnu'
41 silly reify ]
42 verbose reify failed optional dependency C:\Users\Daffa\Documents\Projects\PT-Hanielshen_Internship_Mobile\node_modules\@tailwindcss\oxide-linux-arm64-musl
43 silly reify mark deleted [
43 silly reify   'C:\\Users\\Daffa\\Documents\\Projects\\PT-Hanielshen_Internship_Mobile\\node_modules\\@tailwindcss\\oxide-linux-arm64-musl'
43 silly reify ]
44 verbose reify failed optional dependency C:\Users\Daffa\Documents\Projects\PT-Hanielshen_Internship_Mobile\node_modules\@tailwindcss\oxide-linux-arm64-gnu
45 silly reify mark deleted [
45 silly reify   'C:\\Users\\Daffa\\Documents\\Projects\\PT-Hanielshen_Internship_Mobile\\node_modules\\@tailwindcss\\oxide-linux-arm64-gnu'
45 silly reify ]
46 verbose reify failed optional dependency C:\Users\Daffa\Documents\Projects\PT-Hanielshen_Internship_Mobile\node_modules\@tailwindcss\oxide-linux-arm-gnueabihf
47 silly reify mark deleted [
47 silly reify   'C:\\Users\\Daffa\\Documents\\Projects\\PT-Hanielshen_Internship_Mobile\\node_modules\\@tailwindcss\\oxide-linux-arm-gnueabihf'
47 silly reify ]
48 verbose reify failed optional dependency C:\Users\Daffa\Documents\Projects\PT-Hanielshen_Internship_Mobile\node_modules\@tailwindcss\oxide-freebsd-x64
49 silly reify mark deleted [
49 silly reify   'C:\\Users\\Daffa\\Documents\\Projects\\PT-Hanielshen_Internship_Mobile\\node_modules\\@tailwindcss\\oxide-freebsd-x64'
49 silly reify ]
50 verbose reify failed optional dependency C:\Users\Daffa\Documents\Projects\PT-Hanielshen_Internship_Mobile\node_modules\@tailwindcss\oxide-darwin-x64
51 silly reify mark deleted [
51 silly reify   'C:\\Users\\Daffa\\Documents\\Projects\\PT-Hanielshen_Internship_Mobile\\node_modules\\@tailwindcss\\oxide-darwin-x64'
51 silly reify ]
52 verbose reify failed optional dependency C:\Users\Daffa\Documents\Projects\PT-Hanielshen_Internship_Mobile\node_modules\@tailwindcss\oxide-darwin-arm64
53 silly reify mark deleted [
53 silly reify   'C:\\Users\\Daffa\\Documents\\Projects\\PT-Hanielshen_Internship_Mobile\\node_modules\\@tailwindcss\\oxide-darwin-arm64'
53 silly reify ]
54 verbose reify failed optional dependency C:\Users\Daffa\Documents\Projects\PT-Hanielshen_Internship_Mobile\node_modules\@tailwindcss\oxide-android-arm64
55 silly reify mark deleted [
55 silly reify   'C:\\Users\\Daffa\\Documents\\Projects\\PT-Hanielshen_Internship_Mobile\\node_modules\\@tailwindcss\\oxide-android-arm64'
55 silly reify ]
56 verbose reify failed optional dependency C:\Users\Daffa\Documents\Projects\PT-Hanielshen_Internship_Mobile\node_modules\@next\swc-win32-arm64-msvc
57 silly reify mark deleted [
57 silly reify   'C:\\Users\\Daffa\\Documents\\Projects\\PT-Hanielshen_Internship_Mobile\\node_modules\\@next\\swc-win32-arm64-msvc'
57 silly reify ]
58 verbose reify failed optional dependency C:\Users\Daffa\Documents\Projects\PT-Hanielshen_Internship_Mobile\node_modules\@next\swc-linux-x64-musl
59 silly reify mark deleted [
59 silly reify   'C:\\Users\\Daffa\\Documents\\Projects\\PT-Hanielshen_Internship_Mobile\\node_modules\\@next\\swc-linux-x64-musl'
59 silly reify ]
60 verbose reify failed optional dependency C:\Users\Daffa\Documents\Projects\PT-Hanielshen_Internship_Mobile\node_modules\@next\swc-linux-x64-gnu
61 silly reify mark deleted [
61 silly reify   'C:\\Users\\Daffa\\Documents\\Projects\\PT-Hanielshen_Internship_Mobile\\node_modules\\@next\\swc-linux-x64-gnu'
61 silly reify ]
62 verbose reify failed optional dependency C:\Users\Daffa\Documents\Projects\PT-Hanielshen_Internship_Mobile\node_modules\@next\swc-linux-arm64-musl
63 silly reify mark deleted [
63 silly reify   'C:\\Users\\Daffa\\Documents\\Projects\\PT-Hanielshen_Internship_Mobile\\node_modules\\@next\\swc-linux-arm64-musl'
63 silly reify ]
64 verbose reify failed optional dependency C:\Users\Daffa\Documents\Projects\PT-Hanielshen_Internship_Mobile\node_modules\@next\swc-linux-arm64-gnu
65 silly reify mark deleted [
65 silly reify   'C:\\Users\\Daffa\\Documents\\Projects\\PT-Hanielshen_Internship_Mobile\\node_modules\\@next\\swc-linux-arm64-gnu'
65 silly reify ]
66 verbose reify failed optional dependency C:\Users\Daffa\Documents\Projects\PT-Hanielshen_Internship_Mobile\node_modules\@next\swc-darwin-x64
67 silly reify mark deleted [
67 silly reify   'C:\\Users\\Daffa\\Documents\\Projects\\PT-Hanielshen_Internship_Mobile\\node_modules\\@next\\swc-darwin-x64'
67 silly reify ]
68 verbose reify failed optional dependency C:\Users\Daffa\Documents\Projects\PT-Hanielshen_Internship_Mobile\node_modules\@next\swc-darwin-arm64
69 silly reify mark deleted [
69 silly reify   'C:\\Users\\Daffa\\Documents\\Projects\\PT-Hanielshen_Internship_Mobile\\node_modules\\@next\\swc-darwin-arm64'
69 silly reify ]
70 verbose reify failed optional dependency C:\Users\Daffa\Documents\Projects\PT-Hanielshen_Internship_Mobile\node_modules\@img\sharp-win32-ia32
71 silly reify mark deleted [
71 silly reify   'C:\\Users\\Daffa\\Documents\\Projects\\PT-Hanielshen_Internship_Mobile\\node_modules\\@img\\sharp-win32-ia32'
71 silly reify ]
72 verbose reify failed optional dependency C:\Users\Daffa\Documents\Projects\PT-Hanielshen_Internship_Mobile\node_modules\@img\sharp-win32-arm64
73 silly reify mark deleted [
73 silly reify   'C:\\Users\\Daffa\\Documents\\Projects\\PT-Hanielshen_Internship_Mobile\\node_modules\\@img\\sharp-win32-arm64'
73 silly reify ]
74 verbose reify failed optional dependency C:\Users\Daffa\Documents\Projects\PT-Hanielshen_Internship_Mobile\node_modules\@img\sharp-wasm32
75 silly reify mark deleted [
75 silly reify   'C:\\Users\\Daffa\\Documents\\Projects\\PT-Hanielshen_Internship_Mobile\\node_modules\\@img\\sharp-wasm32'
75 silly reify ]
76 verbose reify failed optional dependency C:\Users\Daffa\Documents\Projects\PT-Hanielshen_Internship_Mobile\node_modules\@img\sharp-linuxmusl-x64
77 silly reify mark deleted [
77 silly reify   'C:\\Users\\Daffa\\Documents\\Projects\\PT-Hanielshen_Internship_Mobile\\node_modules\\@img\\sharp-linuxmusl-x64'
77 silly reify ]
78 verbose reify failed optional dependency C:\Users\Daffa\Documents\Projects\PT-Hanielshen_Internship_Mobile\node_modules\@img\sharp-linuxmusl-arm64
79 silly reify mark deleted [
79 silly reify   'C:\\Users\\Daffa\\Documents\\Projects\\PT-Hanielshen_Internship_Mobile\\node_modules\\@img\\sharp-linuxmusl-arm64'
79 silly reify ]
80 verbose reify failed optional dependency C:\Users\Daffa\Documents\Projects\PT-Hanielshen_Internship_Mobile\node_modules\@img\sharp-linux-x64
81 silly reify mark deleted [
81 silly reify   'C:\\Users\\Daffa\\Documents\\Projects\\PT-Hanielshen_Internship_Mobile\\node_modules\\@img\\sharp-linux-x64'
81 silly reify ]
82 verbose reify failed optional dependency C:\Users\Daffa\Documents\Projects\PT-Hanielshen_Internship_Mobile\node_modules\@img\sharp-linux-s390x
83 silly reify mark deleted [
83 silly reify   'C:\\Users\\Daffa\\Documents\\Projects\\PT-Hanielshen_Internship_Mobile\\node_modules\\@img\\sharp-linux-s390x'
83 silly reify ]
84 verbose reify failed optional dependency C:\Users\Daffa\Documents\Projects\PT-Hanielshen_Internship_Mobile\node_modules\@img\sharp-linux-ppc64
85 silly reify mark deleted [
85 silly reify   'C:\\Users\\Daffa\\Documents\\Projects\\PT-Hanielshen_Internship_Mobile\\node_modules\\@img\\sharp-linux-ppc64'
85 silly reify ]
86 verbose reify failed optional dependency C:\Users\Daffa\Documents\Projects\PT-Hanielshen_Internship_Mobile\node_modules\@img\sharp-linux-arm64
87 silly reify mark deleted [
87 silly reify   'C:\\Users\\Daffa\\Documents\\Projects\\PT-Hanielshen_Internship_Mobile\\node_modules\\@img\\sharp-linux-arm64'
87 silly reify ]
88 verbose reify failed optional dependency C:\Users\Daffa\Documents\Projects\PT-Hanielshen_Internship_Mobile\node_modules\@img\sharp-linux-arm
89 silly reify mark deleted [
89 silly reify   'C:\\Users\\Daffa\\Documents\\Projects\\PT-Hanielshen_Internship_Mobile\\node_modules\\@img\\sharp-linux-arm'
89 silly reify ]
90 verbose reify failed optional dependency C:\Users\Daffa\Documents\Projects\PT-Hanielshen_Internship_Mobile\node_modules\@img\sharp-libvips-linuxmusl-x64
91 silly reify mark deleted [
91 silly reify   'C:\\Users\\Daffa\\Documents\\Projects\\PT-Hanielshen_Internship_Mobile\\node_modules\\@img\\sharp-libvips-linuxmusl-x64'
91 silly reify ]
92 verbose reify failed optional dependency C:\Users\Daffa\Documents\Projects\PT-Hanielshen_Internship_Mobile\node_modules\@img\sharp-libvips-linuxmusl-arm64
93 silly reify mark deleted [
93 silly reify   'C:\\Users\\Daffa\\Documents\\Projects\\PT-Hanielshen_Internship_Mobile\\node_modules\\@img\\sharp-libvips-linuxmusl-arm64'
93 silly reify ]
94 verbose reify failed optional dependency C:\Users\Daffa\Documents\Projects\PT-Hanielshen_Internship_Mobile\node_modules\@img\sharp-libvips-linux-x64
95 silly reify mark deleted [
95 silly reify   'C:\\Users\\Daffa\\Documents\\Projects\\PT-Hanielshen_Internship_Mobile\\node_modules\\@img\\sharp-libvips-linux-x64'
95 silly reify ]
96 verbose reify failed optional dependency C:\Users\Daffa\Documents\Projects\PT-Hanielshen_Internship_Mobile\node_modules\@img\sharp-libvips-linux-s390x
97 silly reify mark deleted [
97 silly reify   'C:\\Users\\Daffa\\Documents\\Projects\\PT-Hanielshen_Internship_Mobile\\node_modules\\@img\\sharp-libvips-linux-s390x'
97 silly reify ]
98 verbose reify failed optional dependency C:\Users\Daffa\Documents\Projects\PT-Hanielshen_Internship_Mobile\node_modules\@img\sharp-libvips-linux-ppc64
99 silly reify mark deleted [
99 silly reify   'C:\\Users\\Daffa\\Documents\\Projects\\PT-Hanielshen_Internship_Mobile\\node_modules\\@img\\sharp-libvips-linux-ppc64'
99 silly reify ]
100 verbose reify failed optional dependency C:\Users\Daffa\Documents\Projects\PT-Hanielshen_Internship_Mobile\node_modules\@img\sharp-libvips-linux-arm64
101 silly reify mark deleted [
101 silly reify   'C:\\Users\\Daffa\\Documents\\Projects\\PT-Hanielshen_Internship_Mobile\\node_modules\\@img\\sharp-libvips-linux-arm64'
101 silly reify ]
102 verbose reify failed optional dependency C:\Users\Daffa\Documents\Projects\PT-Hanielshen_Internship_Mobile\node_modules\@img\sharp-libvips-linux-arm
103 silly reify mark deleted [
103 silly reify   'C:\\Users\\Daffa\\Documents\\Projects\\PT-Hanielshen_Internship_Mobile\\node_modules\\@img\\sharp-libvips-linux-arm'
103 silly reify ]
104 verbose reify failed optional dependency C:\Users\Daffa\Documents\Projects\PT-Hanielshen_Internship_Mobile\node_modules\@img\sharp-libvips-darwin-x64
105 silly reify mark deleted [
105 silly reify   'C:\\Users\\Daffa\\Documents\\Projects\\PT-Hanielshen_Internship_Mobile\\node_modules\\@img\\sharp-libvips-darwin-x64'
105 silly reify ]
106 verbose reify failed optional dependency C:\Users\Daffa\Documents\Projects\PT-Hanielshen_Internship_Mobile\node_modules\@img\sharp-libvips-darwin-arm64
107 silly reify mark deleted [
107 silly reify   'C:\\Users\\Daffa\\Documents\\Projects\\PT-Hanielshen_Internship_Mobile\\node_modules\\@img\\sharp-libvips-darwin-arm64'
107 silly reify ]
108 verbose reify failed optional dependency C:\Users\Daffa\Documents\Projects\PT-Hanielshen_Internship_Mobile\node_modules\@img\sharp-darwin-x64
109 silly reify mark deleted [
109 silly reify   'C:\\Users\\Daffa\\Documents\\Projects\\PT-Hanielshen_Internship_Mobile\\node_modules\\@img\\sharp-darwin-x64'
109 silly reify ]
110 verbose reify failed optional dependency C:\Users\Daffa\Documents\Projects\PT-Hanielshen_Internship_Mobile\node_modules\@img\sharp-darwin-arm64
111 silly reify mark deleted [
111 silly reify   'C:\\Users\\Daffa\\Documents\\Projects\\PT-Hanielshen_Internship_Mobile\\node_modules\\@img\\sharp-darwin-arm64'
111 silly reify ]
112 http cache yallist@https://registry.npmjs.org/yallist/-/yallist-5.0.0.tgz 0ms (cache hit)
113 http cache update-browserslist-db@https://registry.npmjs.org/update-browserslist-db/-/update-browserslist-db-1.1.3.tgz 0ms (cache hit)
114 http cache undici-types@https://registry.npmjs.org/undici-types/-/undici-types-6.21.0.tgz 0ms (cache hit)
115 http cache typescript@https://registry.npmjs.org/typescript/-/typescript-5.9.2.tgz 0ms (cache hit)
116 http cache tslib@https://registry.npmjs.org/tslib/-/tslib-2.8.1.tgz 0ms (cache hit)
117 http cache tapable@https://registry.npmjs.org/tapable/-/tapable-2.2.3.tgz 0ms (cache hit)
118 http cache tailwindcss@https://registry.npmjs.org/tailwindcss/-/tailwindcss-4.1.13.tgz 0ms (cache hit)
119 http cache tar@https://registry.npmjs.org/tar/-/tar-7.5.1.tgz 0ms (cache hit)
120 http cache tailwind-merge@https://registry.npmjs.org/tailwind-merge/-/tailwind-merge-3.3.1.tgz 0ms (cache hit)
121 http cache styled-jsx@https://registry.npmjs.org/styled-jsx/-/styled-jsx-5.1.6.tgz 0ms (cache hit)
122 http cache sharp@https://registry.npmjs.org/sharp/-/sharp-0.34.4.tgz 0ms (cache hit)
123 http cache source-map-js@https://registry.npmjs.org/source-map-js/-/source-map-js-1.2.1.tgz 0ms (cache hit)
124 http cache semver@https://registry.npmjs.org/semver/-/semver-7.7.2.tgz 0ms (cache hit)
125 http cache scheduler@https://registry.npmjs.org/scheduler/-/scheduler-0.26.0.tgz 0ms (cache hit)
126 http cache postcss-value-parser@https://registry.npmjs.org/postcss-value-parser/-/postcss-value-parser-4.2.0.tgz 0ms (cache hit)
127 http cache react-dom@https://registry.npmjs.org/react-dom/-/react-dom-19.1.0.tgz 0ms (cache hit)
128 http cache react@https://registry.npmjs.org/react/-/react-19.1.0.tgz 0ms (cache hit)
129 http cache postcss@https://registry.npmjs.org/postcss/-/postcss-8.5.6.tgz 0ms (cache hit)
130 http cache normalize-range@https://registry.npmjs.org/normalize-range/-/normalize-range-0.1.2.tgz 0ms (cache hit)
131 http cache picocolors@https://registry.npmjs.org/picocolors/-/picocolors-1.1.1.tgz 0ms (cache hit)
132 http cache nanoid@https://registry.npmjs.org/nanoid/-/nanoid-3.3.11.tgz 0ms (cache hit)
133 http cache node-releases@https://registry.npmjs.org/node-releases/-/node-releases-2.0.21.tgz 0ms (cache hit)
134 http cache minizlib@https://registry.npmjs.org/minizlib/-/minizlib-3.1.0.tgz 0ms (cache hit)
135 http cache next@https://registry.npmjs.org/next/-/next-15.5.4.tgz 0ms (cache hit)
136 http cache minipass@https://registry.npmjs.org/minipass/-/minipass-7.1.2.tgz 0ms (cache hit)
137 http cache magic-string@https://registry.npmjs.org/magic-string/-/magic-string-0.30.19.tgz 0ms (cache hit)
138 http cache lightningcss-win32-x64-msvc@https://registry.npmjs.org/lightningcss-win32-x64-msvc/-/lightningcss-win32-x64-msvc-1.30.1.tgz 0ms (cache hit)
139 http cache lightningcss@https://registry.npmjs.org/lightningcss/-/lightningcss-1.30.1.tgz 0ms (cache hit)
140 http cache graceful-fs@https://registry.npmjs.org/graceful-fs/-/graceful-fs-4.2.11.tgz 0ms (cache hit)
141 http cache fraction.js@https://registry.npmjs.org/fraction.js/-/fraction.js-4.3.7.tgz 0ms (cache hit)
142 http cache jiti@https://registry.npmjs.org/jiti/-/jiti-2.6.0.tgz 0ms (cache hit)
143 http cache escalade@https://registry.npmjs.org/escalade/-/escalade-3.2.0.tgz 0ms (cache hit)
144 http cache enhanced-resolve@https://registry.npmjs.org/enhanced-resolve/-/enhanced-resolve-5.18.3.tgz 0ms (cache hit)
145 http cache electron-to-chromium@https://registry.npmjs.org/electron-to-chromium/-/electron-to-chromium-1.5.227.tgz 0ms (cache hit)
146 http cache csstype@https://registry.npmjs.org/csstype/-/csstype-3.1.3.tgz 0ms (cache hit)
147 http cache detect-libc@https://registry.npmjs.org/detect-libc/-/detect-libc-2.1.1.tgz 0ms (cache hit)
148 http cache clsx@https://registry.npmjs.org/clsx/-/clsx-2.1.1.tgz 0ms (cache hit)
149 http cache client-only@https://registry.npmjs.org/client-only/-/client-only-0.0.1.tgz 0ms (cache hit)
150 http cache chownr@https://registry.npmjs.org/chownr/-/chownr-3.0.0.tgz 0ms (cache hit)
151 http cache caniuse-lite@https://registry.npmjs.org/caniuse-lite/-/caniuse-lite-1.0.30001746.tgz 0ms (cache hit)
152 http cache browserslist@https://registry.npmjs.org/browserslist/-/browserslist-4.26.2.tgz 0ms (cache hit)
153 http cache autoprefixer@https://registry.npmjs.org/autoprefixer/-/autoprefixer-10.4.21.tgz 0ms (cache hit)
154 http cache baseline-browser-mapping@https://registry.npmjs.org/baseline-browser-mapping/-/baseline-browser-mapping-2.8.9.tgz 0ms (cache hit)
155 http cache @types/react-dom@https://registry.npmjs.org/@types/react-dom/-/react-dom-19.1.9.tgz 0ms (cache hit)
156 http cache @types/react@https://registry.npmjs.org/@types/react/-/react-19.1.16.tgz 0ms (cache hit)
157 http cache @tailwindcss/postcss@https://registry.npmjs.org/@tailwindcss/postcss/-/postcss-4.1.13.tgz 0ms (cache hit)
158 http cache @types/node@https://registry.npmjs.org/@types/node/-/node-20.19.18.tgz 0ms (cache hit)
159 http cache @tailwindcss/oxide-win32-x64-msvc@https://registry.npmjs.org/@tailwindcss/oxide-win32-x64-msvc/-/oxide-win32-x64-msvc-4.1.13.tgz 0ms (cache hit)
160 http cache @tailwindcss/oxide@https://registry.npmjs.org/@tailwindcss/oxide/-/oxide-4.1.13.tgz 0ms (cache hit)
161 http cache @tailwindcss/node@https://registry.npmjs.org/@tailwindcss/node/-/node-4.1.13.tgz 0ms (cache hit)
162 http cache @next/swc-win32-x64-msvc@https://registry.npmjs.org/@next/swc-win32-x64-msvc/-/swc-win32-x64-msvc-15.5.4.tgz 0ms (cache hit)
163 http cache @swc/helpers@https://registry.npmjs.org/@swc/helpers/-/helpers-0.5.15.tgz 0ms (cache hit)
164 http cache @next/env@https://registry.npmjs.org/@next/env/-/env-15.5.4.tgz 0ms (cache hit)
165 http cache @jridgewell/trace-mapping@https://registry.npmjs.org/@jridgewell/trace-mapping/-/trace-mapping-0.3.31.tgz 0ms (cache hit)
166 http cache @jridgewell/sourcemap-codec@https://registry.npmjs.org/@jridgewell/sourcemap-codec/-/sourcemap-codec-1.5.5.tgz 0ms (cache hit)
167 http cache @jridgewell/resolve-uri@https://registry.npmjs.org/@jridgewell/resolve-uri/-/resolve-uri-3.1.2.tgz 0ms (cache hit)
168 http cache @jridgewell/gen-mapping@https://registry.npmjs.org/@jridgewell/gen-mapping/-/gen-mapping-0.3.13.tgz 0ms (cache hit)
169 http cache @jridgewell/remapping@https://registry.npmjs.org/@jridgewell/remapping/-/remapping-2.3.5.tgz 0ms (cache hit)
170 http cache @isaacs/fs-minipass@https://registry.npmjs.org/@isaacs/fs-minipass/-/fs-minipass-4.0.1.tgz 0ms (cache hit)
171 http cache @img/colour@https://registry.npmjs.org/@img/colour/-/colour-1.0.0.tgz 0ms (cache hit)
172 http cache @img/sharp-win32-x64@https://registry.npmjs.org/@img/sharp-win32-x64/-/sharp-win32-x64-0.34.4.tgz 0ms (cache hit)
173 http cache @emnapi/runtime@https://registry.npmjs.org/@emnapi/runtime/-/runtime-1.5.0.tgz 0ms (cache hit)
174 http cache @alloc/quick-lru@https://registry.npmjs.org/@alloc/quick-lru/-/quick-lru-5.2.0.tgz 0ms (cache hit)
175 silly tarball no local data for yallist@https://registry.npmjs.org/yallist/-/yallist-5.0.0.tgz. Extracting by manifest.
176 http cache postcss@https://registry.npmjs.org/postcss/-/postcss-8.4.31.tgz 0ms (cache hit)
177 silly tarball no local data for update-browserslist-db@https://registry.npmjs.org/update-browserslist-db/-/update-browserslist-db-1.1.3.tgz. Extracting by manifest.
178 silly tarball no local data for undici-types@https://registry.npmjs.org/undici-types/-/undici-types-6.21.0.tgz. Extracting by manifest.
179 silly tarball no local data for typescript@https://registry.npmjs.org/typescript/-/typescript-5.9.2.tgz. Extracting by manifest.
180 silly tarball no local data for tslib@https://registry.npmjs.org/tslib/-/tslib-2.8.1.tgz. Extracting by manifest.
181 silly tarball no local data for tapable@https://registry.npmjs.org/tapable/-/tapable-2.2.3.tgz. Extracting by manifest.
182 silly tarball no local data for tailwindcss@https://registry.npmjs.org/tailwindcss/-/tailwindcss-4.1.13.tgz. Extracting by manifest.
183 silly tarball no local data for tar@https://registry.npmjs.org/tar/-/tar-7.5.1.tgz. Extracting by manifest.
184 silly tarball no local data for tailwind-merge@https://registry.npmjs.org/tailwind-merge/-/tailwind-merge-3.3.1.tgz. Extracting by manifest.
185 silly tarball no local data for styled-jsx@https://registry.npmjs.org/styled-jsx/-/styled-jsx-5.1.6.tgz. Extracting by manifest.
186 silly tarball no local data for sharp@https://registry.npmjs.org/sharp/-/sharp-0.34.4.tgz. Extracting by manifest.
187 silly tarball no local data for source-map-js@https://registry.npmjs.org/source-map-js/-/source-map-js-1.2.1.tgz. Extracting by manifest.
188 silly tarball no local data for semver@https://registry.npmjs.org/semver/-/semver-7.7.2.tgz. Extracting by manifest.
189 silly tarball no local data for scheduler@https://registry.npmjs.org/scheduler/-/scheduler-0.26.0.tgz. Extracting by manifest.
190 silly tarball no local data for postcss-value-parser@https://registry.npmjs.org/postcss-value-parser/-/postcss-value-parser-4.2.0.tgz. Extracting by manifest.
191 silly tarball no local data for react-dom@https://registry.npmjs.org/react-dom/-/react-dom-19.1.0.tgz. Extracting by manifest.
192 silly tarball no local data for react@https://registry.npmjs.org/react/-/react-19.1.0.tgz. Extracting by manifest.
193 silly tarball no local data for postcss@https://registry.npmjs.org/postcss/-/postcss-8.5.6.tgz. Extracting by manifest.
194 silly tarball no local data for normalize-range@https://registry.npmjs.org/normalize-range/-/normalize-range-0.1.2.tgz. Extracting by manifest.
195 silly tarball no local data for picocolors@https://registry.npmjs.org/picocolors/-/picocolors-1.1.1.tgz. Extracting by manifest.
196 silly tarball no local data for nanoid@https://registry.npmjs.org/nanoid/-/nanoid-3.3.11.tgz. Extracting by manifest.
197 silly tarball no local data for node-releases@https://registry.npmjs.org/node-releases/-/node-releases-2.0.21.tgz. Extracting by manifest.
198 silly tarball no local data for minizlib@https://registry.npmjs.org/minizlib/-/minizlib-3.1.0.tgz. Extracting by manifest.
199 silly tarball no local data for next@https://registry.npmjs.org/next/-/next-15.5.4.tgz. Extracting by manifest.
200 silly tarball no local data for minipass@https://registry.npmjs.org/minipass/-/minipass-7.1.2.tgz. Extracting by manifest.
201 silly tarball no local data for magic-string@https://registry.npmjs.org/magic-string/-/magic-string-0.30.19.tgz. Extracting by manifest.
202 silly tarball no local data for lightningcss-win32-x64-msvc@https://registry.npmjs.org/lightningcss-win32-x64-msvc/-/lightningcss-win32-x64-msvc-1.30.1.tgz. Extracting by manifest.
203 silly tarball no local data for lightningcss@https://registry.npmjs.org/lightningcss/-/lightningcss-1.30.1.tgz. Extracting by manifest.
204 silly tarball no local data for graceful-fs@https://registry.npmjs.org/graceful-fs/-/graceful-fs-4.2.11.tgz. Extracting by manifest.
205 silly tarball no local data for fraction.js@https://registry.npmjs.org/fraction.js/-/fraction.js-4.3.7.tgz. Extracting by manifest.
206 silly tarball no local data for jiti@https://registry.npmjs.org/jiti/-/jiti-2.6.0.tgz. Extracting by manifest.
207 silly tarball no local data for escalade@https://registry.npmjs.org/escalade/-/escalade-3.2.0.tgz. Extracting by manifest.
208 silly tarball no local data for enhanced-resolve@https://registry.npmjs.org/enhanced-resolve/-/enhanced-resolve-5.18.3.tgz. Extracting by manifest.
209 silly tarball no local data for electron-to-chromium@https://registry.npmjs.org/electron-to-chromium/-/electron-to-chromium-1.5.227.tgz. Extracting by manifest.
210 silly tarball no local data for csstype@https://registry.npmjs.org/csstype/-/csstype-3.1.3.tgz. Extracting by manifest.
211 silly tarball no local data for detect-libc@https://registry.npmjs.org/detect-libc/-/detect-libc-2.1.1.tgz. Extracting by manifest.
212 silly tarball no local data for clsx@https://registry.npmjs.org/clsx/-/clsx-2.1.1.tgz. Extracting by manifest.
213 silly tarball no local data for chownr@https://registry.npmjs.org/chownr/-/chownr-3.0.0.tgz. Extracting by manifest.
214 silly tarball no local data for client-only@https://registry.npmjs.org/client-only/-/client-only-0.0.1.tgz. Extracting by manifest.
215 silly tarball no local data for browserslist@https://registry.npmjs.org/browserslist/-/browserslist-4.26.2.tgz. Extracting by manifest.
216 silly tarball no local data for caniuse-lite@https://registry.npmjs.org/caniuse-lite/-/caniuse-lite-1.0.30001746.tgz. Extracting by manifest.
217 silly tarball no local data for autoprefixer@https://registry.npmjs.org/autoprefixer/-/autoprefixer-10.4.21.tgz. Extracting by manifest.
218 silly tarball no local data for baseline-browser-mapping@https://registry.npmjs.org/baseline-browser-mapping/-/baseline-browser-mapping-2.8.9.tgz. Extracting by manifest.
219 silly tarball no local data for @types/react-dom@https://registry.npmjs.org/@types/react-dom/-/react-dom-19.1.9.tgz. Extracting by manifest.
220 silly tarball no local data for @types/react@https://registry.npmjs.org/@types/react/-/react-19.1.16.tgz. Extracting by manifest.
221 silly tarball no local data for @tailwindcss/postcss@https://registry.npmjs.org/@tailwindcss/postcss/-/postcss-4.1.13.tgz. Extracting by manifest.
222 silly tarball no local data for @types/node@https://registry.npmjs.org/@types/node/-/node-20.19.18.tgz. Extracting by manifest.
223 silly tarball no local data for @tailwindcss/oxide-win32-x64-msvc@https://registry.npmjs.org/@tailwindcss/oxide-win32-x64-msvc/-/oxide-win32-x64-msvc-4.1.13.tgz. Extracting by manifest.
224 silly tarball no local data for @tailwindcss/oxide@https://registry.npmjs.org/@tailwindcss/oxide/-/oxide-4.1.13.tgz. Extracting by manifest.
225 silly tarball no local data for @tailwindcss/node@https://registry.npmjs.org/@tailwindcss/node/-/node-4.1.13.tgz. Extracting by manifest.
226 silly tarball no local data for @swc/helpers@https://registry.npmjs.org/@swc/helpers/-/helpers-0.5.15.tgz. Extracting by manifest.
227 silly tarball no local data for @next/swc-win32-x64-msvc@https://registry.npmjs.org/@next/swc-win32-x64-msvc/-/swc-win32-x64-msvc-15.5.4.tgz. Extracting by manifest.
228 silly tarball no local data for @next/env@https://registry.npmjs.org/@next/env/-/env-15.5.4.tgz. Extracting by manifest.
229 silly tarball no local data for @jridgewell/trace-mapping@https://registry.npmjs.org/@jridgewell/trace-mapping/-/trace-mapping-0.3.31.tgz. Extracting by manifest.
230 silly tarball no local data for @jridgewell/sourcemap-codec@https://registry.npmjs.org/@jridgewell/sourcemap-codec/-/sourcemap-codec-1.5.5.tgz. Extracting by manifest.
231 silly tarball no local data for @jridgewell/resolve-uri@https://registry.npmjs.org/@jridgewell/resolve-uri/-/resolve-uri-3.1.2.tgz. Extracting by manifest.
232 silly tarball no local data for @jridgewell/gen-mapping@https://registry.npmjs.org/@jridgewell/gen-mapping/-/gen-mapping-0.3.13.tgz. Extracting by manifest.
233 silly tarball no local data for @jridgewell/remapping@https://registry.npmjs.org/@jridgewell/remapping/-/remapping-2.3.5.tgz. Extracting by manifest.
234 silly tarball no local data for @isaacs/fs-minipass@https://registry.npmjs.org/@isaacs/fs-minipass/-/fs-minipass-4.0.1.tgz. Extracting by manifest.
235 silly tarball no local data for @img/colour@https://registry.npmjs.org/@img/colour/-/colour-1.0.0.tgz. Extracting by manifest.
236 silly tarball no local data for @img/sharp-win32-x64@https://registry.npmjs.org/@img/sharp-win32-x64/-/sharp-win32-x64-0.34.4.tgz. Extracting by manifest.
237 silly tarball no local data for @emnapi/runtime@https://registry.npmjs.org/@emnapi/runtime/-/runtime-1.5.0.tgz. Extracting by manifest.
238 silly tarball no local data for @alloc/quick-lru@https://registry.npmjs.org/@alloc/quick-lru/-/quick-lru-5.2.0.tgz. Extracting by manifest.
239 silly tarball no local data for postcss@https://registry.npmjs.org/postcss/-/postcss-8.4.31.tgz. Extracting by manifest.
240 http fetch POST 200 https://registry.npmjs.org/-/npm/v1/security/advisories/bulk 640ms
241 silly audit report {}
242 http fetch GET 200 https://registry.npmjs.org/yallist/-/yallist-5.0.0.tgz 636ms (cache miss)
243 http fetch GET 200 https://registry.npmjs.org/update-browserslist-db/-/update-browserslist-db-1.1.3.tgz 770ms (cache miss)
244 http fetch GET 200 https://registry.npmjs.org/postcss-value-parser/-/postcss-value-parser-4.2.0.tgz 815ms (cache miss)
245 http fetch GET 200 https://registry.npmjs.org/undici-types/-/undici-types-6.21.0.tgz 824ms (cache miss)
246 http fetch GET 200 https://registry.npmjs.org/source-map-js/-/source-map-js-1.2.1.tgz 831ms (cache miss)
247 http fetch GET 200 https://registry.npmjs.org/scheduler/-/scheduler-0.26.0.tgz 837ms (cache miss)
248 http fetch GET 200 https://registry.npmjs.org/sharp/-/sharp-0.34.4.tgz 896ms (cache miss)
249 http fetch GET 200 https://registry.npmjs.org/semver/-/semver-7.7.2.tgz 947ms (cache miss)
250 http fetch GET 200 https://registry.npmjs.org/styled-jsx/-/styled-jsx-5.1.6.tgz 950ms (cache miss)
251 http fetch GET 200 https://registry.npmjs.org/minizlib/-/minizlib-3.1.0.tgz 997ms (cache miss)
252 http fetch GET 200 https://registry.npmjs.org/tapable/-/tapable-2.2.3.tgz 1455ms (cache miss)
253 http fetch GET 200 https://registry.npmjs.org/node-releases/-/node-releases-2.0.21.tgz 1480ms (cache miss)
254 http fetch GET 200 https://registry.npmjs.org/nanoid/-/nanoid-3.3.11.tgz 1497ms (cache miss)
255 http fetch GET 200 https://registry.npmjs.org/tar/-/tar-7.5.1.tgz 1556ms (cache miss)
256 http fetch GET 200 https://registry.npmjs.org/tslib/-/tslib-2.8.1.tgz 1564ms (cache miss)
257 http fetch GET 200 https://registry.npmjs.org/postcss/-/postcss-8.5.6.tgz 1733ms (cache miss)
258 http fetch GET 200 https://registry.npmjs.org/lightningcss/-/lightningcss-1.30.1.tgz 1765ms (cache miss)
259 http fetch GET 200 https://registry.npmjs.org/fraction.js/-/fraction.js-4.3.7.tgz 1838ms (cache miss)
260 http fetch GET 200 https://registry.npmjs.org/magic-string/-/magic-string-0.30.19.tgz 1893ms (cache miss)
261 http fetch GET 200 https://registry.npmjs.org/escalade/-/escalade-3.2.0.tgz 2243ms (cache miss)
262 http fetch GET 200 https://registry.npmjs.org/graceful-fs/-/graceful-fs-4.2.11.tgz 2244ms (cache miss)
263 http fetch GET 200 https://registry.npmjs.org/enhanced-resolve/-/enhanced-resolve-5.18.3.tgz 2358ms (cache miss)
264 http fetch GET 200 https://registry.npmjs.org/csstype/-/csstype-3.1.3.tgz 2896ms (cache miss)
265 http fetch GET 200 https://registry.npmjs.org/picocolors/-/picocolors-1.1.1.tgz 2946ms (cache miss)
266 http fetch GET 200 https://registry.npmjs.org/clsx/-/clsx-2.1.1.tgz 2959ms (cache miss)
267 http fetch GET 200 https://registry.npmjs.org/electron-to-chromium/-/electron-to-chromium-1.5.227.tgz 3141ms (cache miss)
268 http fetch GET 200 https://registry.npmjs.org/client-only/-/client-only-0.0.1.tgz 3235ms (cache miss)
269 http fetch GET 200 https://registry.npmjs.org/browserslist/-/browserslist-4.26.2.tgz 3256ms (cache miss)
270 http fetch GET 200 https://registry.npmjs.org/autoprefixer/-/autoprefixer-10.4.21.tgz 3598ms (cache miss)
271 http fetch GET 200 https://registry.npmjs.org/baseline-browser-mapping/-/baseline-browser-mapping-2.8.9.tgz 3841ms (cache miss)
272 http fetch GET 200 https://registry.npmjs.org/jiti/-/jiti-2.6.0.tgz 3853ms (cache miss)
273 http fetch GET 200 https://registry.npmjs.org/@types/react-dom/-/react-dom-19.1.9.tgz 3882ms (cache miss)
274 http fetch GET 200 https://registry.npmjs.org/chownr/-/chownr-3.0.0.tgz 3959ms (cache miss)
275 http fetch GET 200 https://registry.npmjs.org/@tailwindcss/postcss/-/postcss-4.1.13.tgz 4120ms (cache miss)
276 http fetch GET 200 https://registry.npmjs.org/normalize-range/-/normalize-range-0.1.2.tgz 4168ms (cache miss)
277 http fetch GET 200 https://registry.npmjs.org/detect-libc/-/detect-libc-2.1.1.tgz 4397ms (cache miss)
278 http fetch GET 200 https://registry.npmjs.org/@types/react/-/react-19.1.16.tgz 4394ms (cache miss)
279 http fetch GET 200 https://registry.npmjs.org/@tailwindcss/node/-/node-4.1.13.tgz 4643ms (cache miss)
280 http fetch GET 200 https://registry.npmjs.org/@types/node/-/node-20.19.18.tgz 4804ms (cache miss)
281 http fetch GET 200 https://registry.npmjs.org/@tailwindcss/oxide/-/oxide-4.1.13.tgz 4996ms (cache miss)
282 http fetch GET 200 https://registry.npmjs.org/@next/env/-/env-15.5.4.tgz 5085ms (cache miss)
283 http fetch GET 200 https://registry.npmjs.org/@jridgewell/sourcemap-codec/-/sourcemap-codec-1.5.5.tgz 5204ms (cache miss)
284 http fetch GET 200 https://registry.npmjs.org/@jridgewell/resolve-uri/-/resolve-uri-3.1.2.tgz 5225ms (cache miss)
285 http fetch GET 200 https://registry.npmjs.org/@swc/helpers/-/helpers-0.5.15.tgz 5575ms (cache miss)
286 http fetch GET 200 https://registry.npmjs.org/@jridgewell/gen-mapping/-/gen-mapping-0.3.13.tgz 5736ms (cache miss)
287 http fetch GET 200 https://registry.npmjs.org/@isaacs/fs-minipass/-/fs-minipass-4.0.1.tgz 5835ms (cache miss)
288 http fetch GET 200 https://registry.npmjs.org/@img/colour/-/colour-1.0.0.tgz 5959ms (cache miss)
289 http fetch GET 200 https://registry.npmjs.org/@jridgewell/remapping/-/remapping-2.3.5.tgz 5996ms (cache miss)
290 http fetch GET 200 https://registry.npmjs.org/@emnapi/runtime/-/runtime-1.5.0.tgz 6195ms (cache miss)
291 http fetch GET 200 https://registry.npmjs.org/@alloc/quick-lru/-/quick-lru-5.2.0.tgz 6241ms (cache miss)
292 http fetch GET 200 https://registry.npmjs.org/postcss/-/postcss-8.4.31.tgz 6453ms (cache miss)
293 http fetch GET 200 https://registry.npmjs.org/caniuse-lite/-/caniuse-lite-1.0.30001746.tgz 6607ms (cache miss)
294 http fetch GET 200 https://registry.npmjs.org/react/-/react-19.1.0.tgz 7745ms (cache miss)
295 http fetch GET 200 https://registry.npmjs.org/tailwind-merge/-/tailwind-merge-3.3.1.tgz 7876ms (cache miss)
296 http fetch GET 200 https://registry.npmjs.org/lightningcss-win32-x64-msvc/-/lightningcss-win32-x64-msvc-1.30.1.tgz 8245ms (cache miss)
297 http fetch GET 200 https://registry.npmjs.org/npm 9769ms
298 http fetch GET 200 https://registry.npmjs.org/minipass/-/minipass-7.1.2.tgz 9598ms (cache miss)
299 http fetch GET 200 https://registry.npmjs.org/@tailwindcss/oxide-win32-x64-msvc/-/oxide-win32-x64-msvc-4.1.13.tgz 12101ms (cache miss)
300 http fetch GET 200 https://registry.npmjs.org/@jridgewell/trace-mapping/-/trace-mapping-0.3.31.tgz 12109ms (cache miss)
301 http fetch GET 200 https://registry.npmjs.org/react-dom/-/react-dom-19.1.0.tgz 12175ms (cache miss)
302 http fetch GET 200 https://registry.npmjs.org/typescript/-/typescript-5.9.2.tgz 28376ms (cache miss)
303 http fetch GET 200 https://registry.npmjs.org/@img/sharp-win32-x64/-/sharp-win32-x64-0.34.4.tgz 41262ms (cache miss)
304 http fetch GET 200 https://registry.npmjs.org/tailwindcss/-/tailwindcss-4.1.13.tgz 57371ms (cache miss)
305 http fetch GET 200 https://registry.npmjs.org/next/-/next-15.5.4.tgz 98062ms (cache miss)
306 http fetch GET 200 https://registry.npmjs.org/@next/swc-win32-x64-msvc/-/swc-win32-x64-msvc-15.5.4.tgz 112311ms (cache miss)
307 info run sharp@0.34.4 install node_modules/sharp node install/check.js
308 info run sharp@0.34.4 install { code: 0, signal: null }
309 info run @tailwindcss/oxide@4.1.13 postinstall node_modules/@tailwindcss/oxide node ./scripts/install.js
310 info run @tailwindcss/oxide@4.1.13 postinstall { code: 0, signal: null }
311 silly ADD node_modules/yallist
312 silly ADD node_modules/update-browserslist-db
313 silly ADD node_modules/undici-types
314 silly ADD node_modules/typescript
315 silly ADD node_modules/tslib
316 silly ADD node_modules/tar
317 silly ADD node_modules/tapable
318 silly ADD node_modules/tailwindcss
319 silly ADD node_modules/tailwind-merge
320 silly ADD node_modules/styled-jsx
321 silly ADD node_modules/source-map-js
322 silly ADD node_modules/sharp
323 silly ADD node_modules/semver
324 silly ADD node_modules/scheduler
325 silly ADD node_modules/react-dom
326 silly ADD node_modules/react
327 silly ADD node_modules/postcss-value-parser
328 silly ADD node_modules/postcss
329 silly ADD node_modules/picocolors
330 silly ADD node_modules/normalize-range
331 silly ADD node_modules/node-releases
332 silly ADD node_modules/next
333 silly ADD node_modules/next/node_modules/postcss
334 silly ADD node_modules/nanoid
335 silly ADD node_modules/minizlib
336 silly ADD node_modules/minipass
337 silly ADD node_modules/magic-string
338 silly ADD node_modules/lightningcss-win32-x64-msvc
339 silly ADD
340 silly ADD
341 silly ADD
342 silly ADD
343 silly ADD
344 silly ADD
345 silly ADD
346 silly ADD
347 silly ADD
348 silly ADD node_modules/lightningcss
349 silly ADD node_modules/jiti
350 silly ADD node_modules/graceful-fs
351 silly ADD node_modules/fraction.js
352 silly ADD node_modules/escalade
353 silly ADD node_modules/enhanced-resolve
354 silly ADD node_modules/electron-to-chromium
355 silly ADD node_modules/detect-libc
356 silly ADD node_modules/csstype
357 silly ADD node_modules/clsx
358 silly ADD node_modules/client-only
359 silly ADD node_modules/chownr
360 silly ADD node_modules/caniuse-lite
361 silly ADD node_modules/browserslist
362 silly ADD node_modules/baseline-browser-mapping
363 silly ADD node_modules/autoprefixer
364 silly ADD node_modules/@types/react-dom
365 silly ADD node_modules/@types/react
366 silly ADD node_modules/@types/node
367 silly ADD node_modules/@tailwindcss/postcss
368 silly ADD node_modules/@tailwindcss/oxide-win32-x64-msvc
369 silly ADD
370 silly ADD
371 silly ADD
372 silly ADD
373 silly ADD
374 silly ADD
375 silly ADD
376 silly ADD
377 silly ADD
378 silly ADD
379 silly ADD
380 silly ADD node_modules/@tailwindcss/oxide
381 silly ADD node_modules/@tailwindcss/node
382 silly ADD node_modules/@swc/helpers
383 silly ADD node_modules/@next/swc-win32-x64-msvc
384 silly ADD
385 silly ADD
386 silly ADD
387 silly ADD
388 silly ADD
389 silly ADD
390 silly ADD
391 silly ADD node_modules/@next/env
392 silly ADD node_modules/@jridgewell/trace-mapping
393 silly ADD node_modules/@jridgewell/sourcemap-codec
394 silly ADD node_modules/@jridgewell/resolve-uri
395 silly ADD node_modules/@jridgewell/remapping
396 silly ADD node_modules/@jridgewell/gen-mapping
397 silly ADD node_modules/@isaacs/fs-minipass
398 silly ADD node_modules/@img/sharp-win32-x64
399 silly ADD
400 silly ADD
401 silly ADD
402 silly ADD
403 silly ADD
404 silly ADD
405 silly ADD
406 silly ADD
407 silly ADD
408 silly ADD
409 silly ADD
410 silly ADD
411 silly ADD
412 silly ADD
413 silly ADD
414 silly ADD
415 silly ADD
416 silly ADD
417 silly ADD
418 silly ADD
419 silly ADD
420 silly ADD node_modules/@img/colour
421 silly ADD node_modules/@emnapi/runtime
422 silly ADD node_modules/@alloc/quick-lru
423 verbose cwd C:\Users\Daffa\Documents\Projects\PT-Hanielshen_Internship_Mobile
424 verbose os Windows_NT 10.0.26100
425 verbose node v22.18.0
426 verbose npm  v10.9.3
427 notice
427 notice New [31mmajor[39m version of npm available! [31m10.9.3[39m -> [34m11.6.1[39m
427 notice Changelog: [34mhttps://github.com/npm/cli/releases/tag/v11.6.1[39m
427 notice To update run: [4mnpm install -g npm@11.6.1[24m
427 notice  { force: true, [Symbol(proc-log.meta)]: true }
428 verbose exit 0
429 info ok
