0 verbose cli C:\node.exe C:\Users\Daffa\Documents\Projects\PT-Hanielshen_Internship_Mobile\%USERPROFILE%\npm\node_modules\npm\bin\npm-cli.js
1 info using npm@11.6.1
2 info using node@v22.18.0
3 silly config load:file:C:\Users\Daffa\Documents\Projects\PT-Hanielshen_Internship_Mobile\%USERPROFILE%\npm\node_modules\npm\npmrc
4 silly config load:file:C:\Users\Daffa\Documents\Projects\PT-Hanielshen_Internship_Mobile\.npmrc
5 silly config load:file:C:\Users\Daffa\.npmrc
6 silly config load:file:C:\Users\Daffa\Documents\Projects\PT-Hanielshen_Internship_Mobile\%USERPROFILE%\npm\etc\npmrc
7 verbose title npm install lucide-react
8 verbose argv "install" "lucide-react"
9 verbose logfile logs-max:10 dir:C:\Users\Daffa\Documents\Projects\PT-Hanielshen_Internship_Mobile\%USERPROFILE%\npm-cache\_logs\2025-10-03T07_11_24_058Z-
10 verbose logfile C:\Users\Daffa\Documents\Projects\PT-Hanielshen_Internship_Mobile\%USERPROFILE%\npm-cache\_logs\2025-10-03T07_11_24_058Z-debug-0.log
11 silly logfile done cleaning log files
12 silly packumentCache heap:4345298944 maxSize:1086324736 maxEntrySize:543162368
13 silly idealTree buildDeps
14 silly fetch manifest lucide-react@^0.544.0
15 silly packumentCache full:https://registry.npmjs.org/lucide-react cache-miss
16 http cache https://registry.npmjs.org/lucide-react 30ms (cache hit)
17 silly packumentCache full:https://registry.npmjs.org/lucide-react set size:2084278 disposed:false
18 silly fetch manifest react@19.1.0
19 silly packumentCache full:https://registry.npmjs.org/react cache-miss
20 http cache https://registry.npmjs.org/react 16ms (cache hit)
21 silly packumentCache full:https://registry.npmjs.org/react set size:6117974 disposed:false
22 silly placeDep ROOT lucide-react@0.544.0 REPLACE for: internship@0.1.0 want: ^0.544.0
23 silly reify moves {}
24 silly audit bulk request {
24 silly audit   '@alloc/quick-lru': [ '5.2.0' ],
24 silly audit   '@emnapi/runtime': [ '1.5.0' ],
24 silly audit   '@img/colour': [ '1.0.0' ],
24 silly audit   '@img/sharp-darwin-arm64': [ '0.34.4' ],
24 silly audit   '@img/sharp-darwin-x64': [ '0.34.4' ],
24 silly audit   '@img/sharp-libvips-darwin-arm64': [ '1.2.3' ],
24 silly audit   '@img/sharp-libvips-darwin-x64': [ '1.2.3' ],
24 silly audit   '@img/sharp-libvips-linux-arm': [ '1.2.3' ],
24 silly audit   '@img/sharp-libvips-linux-arm64': [ '1.2.3' ],
24 silly audit   '@img/sharp-libvips-linux-ppc64': [ '1.2.3' ],
24 silly audit   '@img/sharp-libvips-linux-s390x': [ '1.2.3' ],
24 silly audit   '@img/sharp-libvips-linux-x64': [ '1.2.3' ],
24 silly audit   '@img/sharp-libvips-linuxmusl-arm64': [ '1.2.3' ],
24 silly audit   '@img/sharp-libvips-linuxmusl-x64': [ '1.2.3' ],
24 silly audit   '@img/sharp-linux-arm': [ '0.34.4' ],
24 silly audit   '@img/sharp-linux-arm64': [ '0.34.4' ],
24 silly audit   '@img/sharp-linux-ppc64': [ '0.34.4' ],
24 silly audit   '@img/sharp-linux-s390x': [ '0.34.4' ],
24 silly audit   '@img/sharp-linux-x64': [ '0.34.4' ],
24 silly audit   '@img/sharp-linuxmusl-arm64': [ '0.34.4' ],
24 silly audit   '@img/sharp-linuxmusl-x64': [ '0.34.4' ],
24 silly audit   '@img/sharp-wasm32': [ '0.34.4' ],
24 silly audit   '@img/sharp-win32-arm64': [ '0.34.4' ],
24 silly audit   '@img/sharp-win32-ia32': [ '0.34.4' ],
24 silly audit   '@img/sharp-win32-x64': [ '0.34.4' ],
24 silly audit   '@isaacs/fs-minipass': [ '4.0.1' ],
24 silly audit   '@jridgewell/gen-mapping': [ '0.3.13' ],
24 silly audit   '@jridgewell/remapping': [ '2.3.5' ],
24 silly audit   '@jridgewell/resolve-uri': [ '3.1.2' ],
24 silly audit   '@jridgewell/sourcemap-codec': [ '1.5.5' ],
24 silly audit   '@jridgewell/trace-mapping': [ '0.3.31' ],
24 silly audit   '@next/env': [ '15.5.4' ],
24 silly audit   '@next/swc-darwin-arm64': [ '15.5.4' ],
24 silly audit   '@next/swc-darwin-x64': [ '15.5.4' ],
24 silly audit   '@next/swc-linux-arm64-gnu': [ '15.5.4' ],
24 silly audit   '@next/swc-linux-arm64-musl': [ '15.5.4' ],
24 silly audit   '@next/swc-linux-x64-gnu': [ '15.5.4' ],
24 silly audit   '@next/swc-linux-x64-musl': [ '15.5.4' ],
24 silly audit   '@next/swc-win32-arm64-msvc': [ '15.5.4' ],
24 silly audit   '@next/swc-win32-x64-msvc': [ '15.5.4' ],
24 silly audit   '@swc/helpers': [ '0.5.15' ],
24 silly audit   '@tailwindcss/node': [ '4.1.13' ],
24 silly audit   '@tailwindcss/oxide': [ '4.1.13' ],
24 silly audit   '@tailwindcss/oxide-android-arm64': [ '4.1.13' ],
24 silly audit   '@tailwindcss/oxide-darwin-arm64': [ '4.1.13' ],
24 silly audit   '@tailwindcss/oxide-darwin-x64': [ '4.1.13' ],
24 silly audit   '@tailwindcss/oxide-freebsd-x64': [ '4.1.13' ],
24 silly audit   '@tailwindcss/oxide-linux-arm-gnueabihf': [ '4.1.13' ],
24 silly audit   '@tailwindcss/oxide-linux-arm64-gnu': [ '4.1.13' ],
24 silly audit   '@tailwindcss/oxide-linux-arm64-musl': [ '4.1.13' ],
24 silly audit   '@tailwindcss/oxide-linux-x64-gnu': [ '4.1.13' ],
24 silly audit   '@tailwindcss/oxide-linux-x64-musl': [ '4.1.13' ],
24 silly audit   '@tailwindcss/oxide-wasm32-wasi': [ '4.1.13' ],
24 silly audit   '@tailwindcss/oxide-win32-arm64-msvc': [ '4.1.13' ],
24 silly audit   '@tailwindcss/oxide-win32-x64-msvc': [ '4.1.13' ],
24 silly audit   '@tailwindcss/postcss': [ '4.1.13' ],
24 silly audit   '@types/node': [ '20.19.18' ],
24 silly audit   '@types/react': [ '19.1.16' ],
24 silly audit   '@types/react-dom': [ '19.1.9' ],
24 silly audit   autoprefixer: [ '10.4.21' ],
24 silly audit   'baseline-browser-mapping': [ '2.8.9' ],
24 silly audit   browserslist: [ '4.26.2' ],
24 silly audit   'caniuse-lite': [ '1.0.30001746' ],
24 silly audit   chownr: [ '3.0.0' ],
24 silly audit   'client-only': [ '0.0.1' ],
24 silly audit   clsx: [ '2.1.1' ],
24 silly audit   csstype: [ '3.1.3' ],
24 silly audit   'detect-libc': [ '2.1.1' ],
24 silly audit   'electron-to-chromium': [ '1.5.227' ],
24 silly audit   'enhanced-resolve': [ '5.18.3' ],
24 silly audit   escalade: [ '3.2.0' ],
24 silly audit   'fraction.js': [ '4.3.7' ],
24 silly audit   'graceful-fs': [ '4.2.11' ],
24 silly audit   jiti: [ '2.6.0' ],
24 silly audit   lightningcss: [ '1.30.1' ],
24 silly audit   'lightningcss-darwin-arm64': [ '1.30.1' ],
24 silly audit   'lightningcss-darwin-x64': [ '1.30.1' ],
24 silly audit   'lightningcss-freebsd-x64': [ '1.30.1' ],
24 silly audit   'lightningcss-linux-arm-gnueabihf': [ '1.30.1' ],
24 silly audit   'lightningcss-linux-arm64-gnu': [ '1.30.1' ],
24 silly audit   'lightningcss-linux-arm64-musl': [ '1.30.1' ],
24 silly audit   'lightningcss-linux-x64-gnu': [ '1.30.1' ],
24 silly audit   'lightningcss-linux-x64-musl': [ '1.30.1' ],
24 silly audit   'lightningcss-win32-arm64-msvc': [ '1.30.1' ],
24 silly audit   'lightningcss-win32-x64-msvc': [ '1.30.1' ],
24 silly audit   'magic-string': [ '0.30.19' ],
24 silly audit   minipass: [ '7.1.2' ],
24 silly audit   minizlib: [ '3.1.0' ],
24 silly audit   nanoid: [ '3.3.11' ],
24 silly audit   next: [ '15.5.4' ],
24 silly audit   postcss: [ '8.4.31', '8.5.6' ],
24 silly audit   'node-releases': [ '2.0.21' ],
24 silly audit   'normalize-range': [ '0.1.2' ],
24 silly audit   picocolors: [ '1.1.1' ],
24 silly audit   'postcss-value-parser': [ '4.2.0' ],
24 silly audit   react: [ '19.1.0' ],
24 silly audit   'react-dom': [ '19.1.0' ],
24 silly audit   scheduler: [ '0.26.0' ],
24 silly audit   semver: [ '7.7.2' ],
24 silly audit   sharp: [ '0.34.4' ],
24 silly audit   'source-map-js': [ '1.2.1' ],
24 silly audit   'styled-jsx': [ '5.1.6' ],
24 silly audit   'tailwind-merge': [ '3.3.1' ],
24 silly audit   tailwindcss: [ '4.1.13' ],
24 silly audit   tapable: [ '2.2.3' ],
24 silly audit   tar: [ '7.5.1' ],
24 silly audit   tslib: [ '2.8.1' ],
24 silly audit   typescript: [ '5.9.2' ],
24 silly audit   'undici-types': [ '6.21.0' ],
24 silly audit   'update-browserslist-db': [ '1.1.3' ],
24 silly audit   yallist: [ '5.0.0' ],
24 silly audit   'lucide-react': [ '0.544.0' ]
24 silly audit }
25 http fetch POST 200 https://registry.npmjs.org/-/npm/v1/security/advisories/bulk 377ms
26 silly audit report {}
27 verbose cwd C:\Users\Daffa\Documents\Projects\PT-Hanielshen_Internship_Mobile
28 verbose os Windows_NT 10.0.26100
29 verbose node v22.18.0
30 verbose npm  v11.6.1
31 verbose exit 0
32 info ok
