0 verbose cli C:\node.exe C:\Users\Daffa\Documents\Projects\PT-Hanielshen_Internship_Mobile\%USERPROFILE%\npm\node_modules\npm\bin\npm-cli.js
1 info using npm@11.6.1
2 info using node@v22.18.0
3 silly config load:file:C:\Users\Daffa\Documents\Projects\PT-Hanielshen_Internship_Mobile\%USERPROFILE%\npm\node_modules\npm\npmrc
4 silly config load:file:C:\Users\Daffa\Documents\Projects\PT-Hanielshen_Internship_Mobile\.npmrc
5 silly config load:file:C:\Users\Daffa\.npmrc
6 silly config load:file:C:\Users\Daffa\Documents\Projects\PT-Hanielshen_Internship_Mobile\%USERPROFILE%\npm\etc\npmrc
7 verbose title npm install lucide-react
8 verbose argv "install" "lucide-react"
9 verbose logfile logs-max:10 dir:C:\Users\Daffa\Documents\Projects\PT-Hanielshen_Internship_Mobile\%USERPROFILE%\npm-cache\_logs\2025-10-03T07_10_19_109Z-
10 verbose logfile C:\Users\Daffa\Documents\Projects\PT-Hanielshen_Internship_Mobile\%USERPROFILE%\npm-cache\_logs\2025-10-03T07_10_19_109Z-debug-0.log
11 silly logfile done cleaning log files
12 silly packumentCache heap:4345298944 maxSize:1086324736 maxEntrySize:543162368
13 silly idealTree buildDeps
14 silly fetch manifest lucide-react@*
15 silly packumentCache full:https://registry.npmjs.org/lucide-react cache-miss
16 http fetch GET 200 https://registry.npmjs.org/lucide-react 211ms (cache miss)
17 silly packumentCache full:https://registry.npmjs.org/lucide-react set size:undefined disposed:false
18 silly fetch manifest react@19.1.0
19 silly packumentCache full:https://registry.npmjs.org/react cache-miss
20 http fetch GET 200 https://registry.npmjs.org/react 453ms (cache miss)
21 silly packumentCache full:https://registry.npmjs.org/react set size:undefined disposed:false
22 silly placeDep ROOT lucide-react@0.544.0 OK for: internship@0.1.0 want: *
23 silly reify moves {}
24 verbose reify failed optional dependency C:\Users\Daffa\Documents\Projects\PT-Hanielshen_Internship_Mobile\node_modules\@tailwindcss\oxide-wasm32-wasi
25 silly reify mark deleted [
25 silly reify   'C:\\Users\\Daffa\\Documents\\Projects\\PT-Hanielshen_Internship_Mobile\\node_modules\\@tailwindcss\\oxide-wasm32-wasi'
25 silly reify ]
26 silly audit bulk request {
26 silly audit   '@alloc/quick-lru': [ '5.2.0' ],
26 silly audit   '@emnapi/runtime': [ '1.5.0' ],
26 silly audit   '@img/colour': [ '1.0.0' ],
26 silly audit   '@img/sharp-darwin-arm64': [ '0.34.4' ],
26 silly audit   '@img/sharp-darwin-x64': [ '0.34.4' ],
26 silly audit   '@img/sharp-libvips-darwin-arm64': [ '1.2.3' ],
26 silly audit   '@img/sharp-libvips-darwin-x64': [ '1.2.3' ],
26 silly audit   '@img/sharp-libvips-linux-arm': [ '1.2.3' ],
26 silly audit   '@img/sharp-libvips-linux-arm64': [ '1.2.3' ],
26 silly audit   '@img/sharp-libvips-linux-ppc64': [ '1.2.3' ],
26 silly audit   '@img/sharp-libvips-linux-s390x': [ '1.2.3' ],
26 silly audit   '@img/sharp-libvips-linux-x64': [ '1.2.3' ],
26 silly audit   '@img/sharp-libvips-linuxmusl-arm64': [ '1.2.3' ],
26 silly audit   '@img/sharp-libvips-linuxmusl-x64': [ '1.2.3' ],
26 silly audit   '@img/sharp-linux-arm': [ '0.34.4' ],
26 silly audit   '@img/sharp-linux-arm64': [ '0.34.4' ],
26 silly audit   '@img/sharp-linux-ppc64': [ '0.34.4' ],
26 silly audit   '@img/sharp-linux-s390x': [ '0.34.4' ],
26 silly audit   '@img/sharp-linux-x64': [ '0.34.4' ],
26 silly audit   '@img/sharp-linuxmusl-arm64': [ '0.34.4' ],
26 silly audit   '@img/sharp-linuxmusl-x64': [ '0.34.4' ],
26 silly audit   '@img/sharp-wasm32': [ '0.34.4' ],
26 silly audit   '@img/sharp-win32-arm64': [ '0.34.4' ],
26 silly audit   '@img/sharp-win32-ia32': [ '0.34.4' ],
26 silly audit   '@img/sharp-win32-x64': [ '0.34.4' ],
26 silly audit   '@isaacs/fs-minipass': [ '4.0.1' ],
26 silly audit   '@jridgewell/gen-mapping': [ '0.3.13' ],
26 silly audit   '@jridgewell/remapping': [ '2.3.5' ],
26 silly audit   '@jridgewell/resolve-uri': [ '3.1.2' ],
26 silly audit   '@jridgewell/sourcemap-codec': [ '1.5.5' ],
26 silly audit   '@jridgewell/trace-mapping': [ '0.3.31' ],
26 silly audit   '@next/env': [ '15.5.4' ],
26 silly audit   '@next/swc-darwin-arm64': [ '15.5.4' ],
26 silly audit   '@next/swc-darwin-x64': [ '15.5.4' ],
26 silly audit   '@next/swc-linux-arm64-gnu': [ '15.5.4' ],
26 silly audit   '@next/swc-linux-arm64-musl': [ '15.5.4' ],
26 silly audit   '@next/swc-linux-x64-gnu': [ '15.5.4' ],
26 silly audit   '@next/swc-linux-x64-musl': [ '15.5.4' ],
26 silly audit   '@next/swc-win32-arm64-msvc': [ '15.5.4' ],
26 silly audit   '@next/swc-win32-x64-msvc': [ '15.5.4' ],
26 silly audit   '@swc/helpers': [ '0.5.15' ],
26 silly audit   '@tailwindcss/node': [ '4.1.13' ],
26 silly audit   '@tailwindcss/oxide': [ '4.1.13' ],
26 silly audit   '@tailwindcss/oxide-android-arm64': [ '4.1.13' ],
26 silly audit   '@tailwindcss/oxide-darwin-arm64': [ '4.1.13' ],
26 silly audit   '@tailwindcss/oxide-darwin-x64': [ '4.1.13' ],
26 silly audit   '@tailwindcss/oxide-freebsd-x64': [ '4.1.13' ],
26 silly audit   '@tailwindcss/oxide-linux-arm-gnueabihf': [ '4.1.13' ],
26 silly audit   '@tailwindcss/oxide-linux-arm64-gnu': [ '4.1.13' ],
26 silly audit   '@tailwindcss/oxide-linux-arm64-musl': [ '4.1.13' ],
26 silly audit   '@tailwindcss/oxide-linux-x64-gnu': [ '4.1.13' ],
26 silly audit   '@tailwindcss/oxide-linux-x64-musl': [ '4.1.13' ],
26 silly audit   '@tailwindcss/oxide-win32-arm64-msvc': [ '4.1.13' ],
26 silly audit   '@tailwindcss/oxide-win32-x64-msvc': [ '4.1.13' ],
26 silly audit   '@tailwindcss/postcss': [ '4.1.13' ],
26 silly audit   '@types/node': [ '20.19.18' ],
26 silly audit   '@types/react': [ '19.1.16' ],
26 silly audit   '@types/react-dom': [ '19.1.9' ],
26 silly audit   autoprefixer: [ '10.4.21' ],
26 silly audit   'baseline-browser-mapping': [ '2.8.9' ],
26 silly audit   browserslist: [ '4.26.2' ],
26 silly audit   'caniuse-lite': [ '1.0.30001746' ],
26 silly audit   chownr: [ '3.0.0' ],
26 silly audit   'client-only': [ '0.0.1' ],
26 silly audit   clsx: [ '2.1.1' ],
26 silly audit   csstype: [ '3.1.3' ],
26 silly audit   'detect-libc': [ '2.1.1' ],
26 silly audit   'electron-to-chromium': [ '1.5.227' ],
26 silly audit   'enhanced-resolve': [ '5.18.3' ],
26 silly audit   escalade: [ '3.2.0' ],
26 silly audit   'fraction.js': [ '4.3.7' ],
26 silly audit   'graceful-fs': [ '4.2.11' ],
26 silly audit   jiti: [ '2.6.0' ],
26 silly audit   lightningcss: [ '1.30.1' ],
26 silly audit   'lightningcss-darwin-arm64': [ '1.30.1' ],
26 silly audit   'lightningcss-darwin-x64': [ '1.30.1' ],
26 silly audit   'lightningcss-freebsd-x64': [ '1.30.1' ],
26 silly audit   'lightningcss-linux-arm-gnueabihf': [ '1.30.1' ],
26 silly audit   'lightningcss-linux-arm64-gnu': [ '1.30.1' ],
26 silly audit   'lightningcss-linux-arm64-musl': [ '1.30.1' ],
26 silly audit   'lightningcss-linux-x64-gnu': [ '1.30.1' ],
26 silly audit   'lightningcss-linux-x64-musl': [ '1.30.1' ],
26 silly audit   'lightningcss-win32-arm64-msvc': [ '1.30.1' ],
26 silly audit   'lightningcss-win32-x64-msvc': [ '1.30.1' ],
26 silly audit   'magic-string': [ '0.30.19' ],
26 silly audit   minipass: [ '7.1.2' ],
26 silly audit   minizlib: [ '3.1.0' ],
26 silly audit   nanoid: [ '3.3.11' ],
26 silly audit   next: [ '15.5.4' ],
26 silly audit   postcss: [ '8.4.31', '8.5.6' ],
26 silly audit   'node-releases': [ '2.0.21' ],
26 silly audit   'normalize-range': [ '0.1.2' ],
26 silly audit   picocolors: [ '1.1.1' ],
26 silly audit   'postcss-value-parser': [ '4.2.0' ],
26 silly audit   react: [ '19.1.0' ],
26 silly audit   'react-dom': [ '19.1.0' ],
26 silly audit   scheduler: [ '0.26.0' ],
26 silly audit   semver: [ '7.7.2' ],
26 silly audit   sharp: [ '0.34.4' ],
26 silly audit   'source-map-js': [ '1.2.1' ],
26 silly audit   'styled-jsx': [ '5.1.6' ],
26 silly audit   'tailwind-merge': [ '3.3.1' ],
26 silly audit   tailwindcss: [ '4.1.13' ],
26 silly audit   tapable: [ '2.2.3' ],
26 silly audit   tar: [ '7.5.1' ],
26 silly audit   tslib: [ '2.8.1' ],
26 silly audit   typescript: [ '5.9.2' ],
26 silly audit   'undici-types': [ '6.21.0' ],
26 silly audit   'update-browserslist-db': [ '1.1.3' ],
26 silly audit   yallist: [ '5.0.0' ],
26 silly audit   'lucide-react': [ '0.544.0' ],
26 silly audit   '@tailwindcss/oxide-wasm32-wasi': [ '4.1.13' ]
26 silly audit }
27 verbose reify failed optional dependency C:\Users\Daffa\Documents\Projects\PT-Hanielshen_Internship_Mobile\node_modules\lightningcss-win32-arm64-msvc
28 silly reify mark deleted [
28 silly reify   'C:\\Users\\Daffa\\Documents\\Projects\\PT-Hanielshen_Internship_Mobile\\node_modules\\lightningcss-win32-arm64-msvc'
28 silly reify ]
29 verbose reify failed optional dependency C:\Users\Daffa\Documents\Projects\PT-Hanielshen_Internship_Mobile\node_modules\lightningcss-linux-x64-musl
30 silly reify mark deleted [
30 silly reify   'C:\\Users\\Daffa\\Documents\\Projects\\PT-Hanielshen_Internship_Mobile\\node_modules\\lightningcss-linux-x64-musl'
30 silly reify ]
31 verbose reify failed optional dependency C:\Users\Daffa\Documents\Projects\PT-Hanielshen_Internship_Mobile\node_modules\lightningcss-linux-x64-gnu
32 silly reify mark deleted [
32 silly reify   'C:\\Users\\Daffa\\Documents\\Projects\\PT-Hanielshen_Internship_Mobile\\node_modules\\lightningcss-linux-x64-gnu'
32 silly reify ]
33 verbose reify failed optional dependency C:\Users\Daffa\Documents\Projects\PT-Hanielshen_Internship_Mobile\node_modules\lightningcss-linux-arm64-musl
34 silly reify mark deleted [
34 silly reify   'C:\\Users\\Daffa\\Documents\\Projects\\PT-Hanielshen_Internship_Mobile\\node_modules\\lightningcss-linux-arm64-musl'
34 silly reify ]
35 verbose reify failed optional dependency C:\Users\Daffa\Documents\Projects\PT-Hanielshen_Internship_Mobile\node_modules\lightningcss-linux-arm64-gnu
36 silly reify mark deleted [
36 silly reify   'C:\\Users\\Daffa\\Documents\\Projects\\PT-Hanielshen_Internship_Mobile\\node_modules\\lightningcss-linux-arm64-gnu'
36 silly reify ]
37 verbose reify failed optional dependency C:\Users\Daffa\Documents\Projects\PT-Hanielshen_Internship_Mobile\node_modules\lightningcss-linux-arm-gnueabihf
38 silly reify mark deleted [
38 silly reify   'C:\\Users\\Daffa\\Documents\\Projects\\PT-Hanielshen_Internship_Mobile\\node_modules\\lightningcss-linux-arm-gnueabihf'
38 silly reify ]
39 verbose reify failed optional dependency C:\Users\Daffa\Documents\Projects\PT-Hanielshen_Internship_Mobile\node_modules\lightningcss-freebsd-x64
40 silly reify mark deleted [
40 silly reify   'C:\\Users\\Daffa\\Documents\\Projects\\PT-Hanielshen_Internship_Mobile\\node_modules\\lightningcss-freebsd-x64'
40 silly reify ]
41 verbose reify failed optional dependency C:\Users\Daffa\Documents\Projects\PT-Hanielshen_Internship_Mobile\node_modules\lightningcss-darwin-x64
42 silly reify mark deleted [
42 silly reify   'C:\\Users\\Daffa\\Documents\\Projects\\PT-Hanielshen_Internship_Mobile\\node_modules\\lightningcss-darwin-x64'
42 silly reify ]
43 verbose reify failed optional dependency C:\Users\Daffa\Documents\Projects\PT-Hanielshen_Internship_Mobile\node_modules\lightningcss-darwin-arm64
44 silly reify mark deleted [
44 silly reify   'C:\\Users\\Daffa\\Documents\\Projects\\PT-Hanielshen_Internship_Mobile\\node_modules\\lightningcss-darwin-arm64'
44 silly reify ]
45 verbose reify failed optional dependency C:\Users\Daffa\Documents\Projects\PT-Hanielshen_Internship_Mobile\node_modules\@tailwindcss\oxide-win32-arm64-msvc
46 silly reify mark deleted [
46 silly reify   'C:\\Users\\Daffa\\Documents\\Projects\\PT-Hanielshen_Internship_Mobile\\node_modules\\@tailwindcss\\oxide-win32-arm64-msvc'
46 silly reify ]
47 verbose reify failed optional dependency C:\Users\Daffa\Documents\Projects\PT-Hanielshen_Internship_Mobile\node_modules\@tailwindcss\oxide-linux-x64-musl
48 silly reify mark deleted [
48 silly reify   'C:\\Users\\Daffa\\Documents\\Projects\\PT-Hanielshen_Internship_Mobile\\node_modules\\@tailwindcss\\oxide-linux-x64-musl'
48 silly reify ]
49 verbose reify failed optional dependency C:\Users\Daffa\Documents\Projects\PT-Hanielshen_Internship_Mobile\node_modules\@tailwindcss\oxide-linux-x64-gnu
50 silly reify mark deleted [
50 silly reify   'C:\\Users\\Daffa\\Documents\\Projects\\PT-Hanielshen_Internship_Mobile\\node_modules\\@tailwindcss\\oxide-linux-x64-gnu'
50 silly reify ]
51 verbose reify failed optional dependency C:\Users\Daffa\Documents\Projects\PT-Hanielshen_Internship_Mobile\node_modules\@tailwindcss\oxide-linux-arm64-musl
52 silly reify mark deleted [
52 silly reify   'C:\\Users\\Daffa\\Documents\\Projects\\PT-Hanielshen_Internship_Mobile\\node_modules\\@tailwindcss\\oxide-linux-arm64-musl'
52 silly reify ]
53 verbose reify failed optional dependency C:\Users\Daffa\Documents\Projects\PT-Hanielshen_Internship_Mobile\node_modules\@tailwindcss\oxide-linux-arm64-gnu
54 silly reify mark deleted [
54 silly reify   'C:\\Users\\Daffa\\Documents\\Projects\\PT-Hanielshen_Internship_Mobile\\node_modules\\@tailwindcss\\oxide-linux-arm64-gnu'
54 silly reify ]
55 verbose reify failed optional dependency C:\Users\Daffa\Documents\Projects\PT-Hanielshen_Internship_Mobile\node_modules\@tailwindcss\oxide-linux-arm-gnueabihf
56 silly reify mark deleted [
56 silly reify   'C:\\Users\\Daffa\\Documents\\Projects\\PT-Hanielshen_Internship_Mobile\\node_modules\\@tailwindcss\\oxide-linux-arm-gnueabihf'
56 silly reify ]
57 verbose reify failed optional dependency C:\Users\Daffa\Documents\Projects\PT-Hanielshen_Internship_Mobile\node_modules\@tailwindcss\oxide-freebsd-x64
58 silly reify mark deleted [
58 silly reify   'C:\\Users\\Daffa\\Documents\\Projects\\PT-Hanielshen_Internship_Mobile\\node_modules\\@tailwindcss\\oxide-freebsd-x64'
58 silly reify ]
59 verbose reify failed optional dependency C:\Users\Daffa\Documents\Projects\PT-Hanielshen_Internship_Mobile\node_modules\@tailwindcss\oxide-darwin-x64
60 silly reify mark deleted [
60 silly reify   'C:\\Users\\Daffa\\Documents\\Projects\\PT-Hanielshen_Internship_Mobile\\node_modules\\@tailwindcss\\oxide-darwin-x64'
60 silly reify ]
61 verbose reify failed optional dependency C:\Users\Daffa\Documents\Projects\PT-Hanielshen_Internship_Mobile\node_modules\@tailwindcss\oxide-darwin-arm64
62 silly reify mark deleted [
62 silly reify   'C:\\Users\\Daffa\\Documents\\Projects\\PT-Hanielshen_Internship_Mobile\\node_modules\\@tailwindcss\\oxide-darwin-arm64'
62 silly reify ]
63 verbose reify failed optional dependency C:\Users\Daffa\Documents\Projects\PT-Hanielshen_Internship_Mobile\node_modules\@tailwindcss\oxide-android-arm64
64 silly reify mark deleted [
64 silly reify   'C:\\Users\\Daffa\\Documents\\Projects\\PT-Hanielshen_Internship_Mobile\\node_modules\\@tailwindcss\\oxide-android-arm64'
64 silly reify ]
65 verbose reify failed optional dependency C:\Users\Daffa\Documents\Projects\PT-Hanielshen_Internship_Mobile\node_modules\@next\swc-win32-arm64-msvc
66 silly reify mark deleted [
66 silly reify   'C:\\Users\\Daffa\\Documents\\Projects\\PT-Hanielshen_Internship_Mobile\\node_modules\\@next\\swc-win32-arm64-msvc'
66 silly reify ]
67 verbose reify failed optional dependency C:\Users\Daffa\Documents\Projects\PT-Hanielshen_Internship_Mobile\node_modules\@next\swc-linux-x64-musl
68 silly reify mark deleted [
68 silly reify   'C:\\Users\\Daffa\\Documents\\Projects\\PT-Hanielshen_Internship_Mobile\\node_modules\\@next\\swc-linux-x64-musl'
68 silly reify ]
69 verbose reify failed optional dependency C:\Users\Daffa\Documents\Projects\PT-Hanielshen_Internship_Mobile\node_modules\@next\swc-linux-x64-gnu
70 silly reify mark deleted [
70 silly reify   'C:\\Users\\Daffa\\Documents\\Projects\\PT-Hanielshen_Internship_Mobile\\node_modules\\@next\\swc-linux-x64-gnu'
70 silly reify ]
71 verbose reify failed optional dependency C:\Users\Daffa\Documents\Projects\PT-Hanielshen_Internship_Mobile\node_modules\@next\swc-linux-arm64-musl
72 silly reify mark deleted [
72 silly reify   'C:\\Users\\Daffa\\Documents\\Projects\\PT-Hanielshen_Internship_Mobile\\node_modules\\@next\\swc-linux-arm64-musl'
72 silly reify ]
73 verbose reify failed optional dependency C:\Users\Daffa\Documents\Projects\PT-Hanielshen_Internship_Mobile\node_modules\@next\swc-linux-arm64-gnu
74 silly reify mark deleted [
74 silly reify   'C:\\Users\\Daffa\\Documents\\Projects\\PT-Hanielshen_Internship_Mobile\\node_modules\\@next\\swc-linux-arm64-gnu'
74 silly reify ]
75 verbose reify failed optional dependency C:\Users\Daffa\Documents\Projects\PT-Hanielshen_Internship_Mobile\node_modules\@next\swc-darwin-x64
76 silly reify mark deleted [
76 silly reify   'C:\\Users\\Daffa\\Documents\\Projects\\PT-Hanielshen_Internship_Mobile\\node_modules\\@next\\swc-darwin-x64'
76 silly reify ]
77 verbose reify failed optional dependency C:\Users\Daffa\Documents\Projects\PT-Hanielshen_Internship_Mobile\node_modules\@next\swc-darwin-arm64
78 silly reify mark deleted [
78 silly reify   'C:\\Users\\Daffa\\Documents\\Projects\\PT-Hanielshen_Internship_Mobile\\node_modules\\@next\\swc-darwin-arm64'
78 silly reify ]
79 verbose reify failed optional dependency C:\Users\Daffa\Documents\Projects\PT-Hanielshen_Internship_Mobile\node_modules\@img\sharp-win32-ia32
80 silly reify mark deleted [
80 silly reify   'C:\\Users\\Daffa\\Documents\\Projects\\PT-Hanielshen_Internship_Mobile\\node_modules\\@img\\sharp-win32-ia32'
80 silly reify ]
81 verbose reify failed optional dependency C:\Users\Daffa\Documents\Projects\PT-Hanielshen_Internship_Mobile\node_modules\@img\sharp-win32-arm64
82 silly reify mark deleted [
82 silly reify   'C:\\Users\\Daffa\\Documents\\Projects\\PT-Hanielshen_Internship_Mobile\\node_modules\\@img\\sharp-win32-arm64'
82 silly reify ]
83 verbose reify failed optional dependency C:\Users\Daffa\Documents\Projects\PT-Hanielshen_Internship_Mobile\node_modules\@img\sharp-wasm32
84 silly reify mark deleted [
84 silly reify   'C:\\Users\\Daffa\\Documents\\Projects\\PT-Hanielshen_Internship_Mobile\\node_modules\\@img\\sharp-wasm32'
84 silly reify ]
85 verbose reify failed optional dependency C:\Users\Daffa\Documents\Projects\PT-Hanielshen_Internship_Mobile\node_modules\@img\sharp-linuxmusl-x64
86 silly reify mark deleted [
86 silly reify   'C:\\Users\\Daffa\\Documents\\Projects\\PT-Hanielshen_Internship_Mobile\\node_modules\\@img\\sharp-linuxmusl-x64'
86 silly reify ]
87 verbose reify failed optional dependency C:\Users\Daffa\Documents\Projects\PT-Hanielshen_Internship_Mobile\node_modules\@img\sharp-linuxmusl-arm64
88 silly reify mark deleted [
88 silly reify   'C:\\Users\\Daffa\\Documents\\Projects\\PT-Hanielshen_Internship_Mobile\\node_modules\\@img\\sharp-linuxmusl-arm64'
88 silly reify ]
89 verbose reify failed optional dependency C:\Users\Daffa\Documents\Projects\PT-Hanielshen_Internship_Mobile\node_modules\@img\sharp-linux-x64
90 silly reify mark deleted [
90 silly reify   'C:\\Users\\Daffa\\Documents\\Projects\\PT-Hanielshen_Internship_Mobile\\node_modules\\@img\\sharp-linux-x64'
90 silly reify ]
91 verbose reify failed optional dependency C:\Users\Daffa\Documents\Projects\PT-Hanielshen_Internship_Mobile\node_modules\@img\sharp-linux-s390x
92 silly reify mark deleted [
92 silly reify   'C:\\Users\\Daffa\\Documents\\Projects\\PT-Hanielshen_Internship_Mobile\\node_modules\\@img\\sharp-linux-s390x'
92 silly reify ]
93 verbose reify failed optional dependency C:\Users\Daffa\Documents\Projects\PT-Hanielshen_Internship_Mobile\node_modules\@img\sharp-linux-ppc64
94 silly reify mark deleted [
94 silly reify   'C:\\Users\\Daffa\\Documents\\Projects\\PT-Hanielshen_Internship_Mobile\\node_modules\\@img\\sharp-linux-ppc64'
94 silly reify ]
95 verbose reify failed optional dependency C:\Users\Daffa\Documents\Projects\PT-Hanielshen_Internship_Mobile\node_modules\@img\sharp-linux-arm64
96 silly reify mark deleted [
96 silly reify   'C:\\Users\\Daffa\\Documents\\Projects\\PT-Hanielshen_Internship_Mobile\\node_modules\\@img\\sharp-linux-arm64'
96 silly reify ]
97 verbose reify failed optional dependency C:\Users\Daffa\Documents\Projects\PT-Hanielshen_Internship_Mobile\node_modules\@img\sharp-linux-arm
98 silly reify mark deleted [
98 silly reify   'C:\\Users\\Daffa\\Documents\\Projects\\PT-Hanielshen_Internship_Mobile\\node_modules\\@img\\sharp-linux-arm'
98 silly reify ]
99 verbose reify failed optional dependency C:\Users\Daffa\Documents\Projects\PT-Hanielshen_Internship_Mobile\node_modules\@img\sharp-libvips-linuxmusl-x64
100 silly reify mark deleted [
100 silly reify   'C:\\Users\\Daffa\\Documents\\Projects\\PT-Hanielshen_Internship_Mobile\\node_modules\\@img\\sharp-libvips-linuxmusl-x64'
100 silly reify ]
101 verbose reify failed optional dependency C:\Users\Daffa\Documents\Projects\PT-Hanielshen_Internship_Mobile\node_modules\@img\sharp-libvips-linuxmusl-arm64
102 silly reify mark deleted [
102 silly reify   'C:\\Users\\Daffa\\Documents\\Projects\\PT-Hanielshen_Internship_Mobile\\node_modules\\@img\\sharp-libvips-linuxmusl-arm64'
102 silly reify ]
103 verbose reify failed optional dependency C:\Users\Daffa\Documents\Projects\PT-Hanielshen_Internship_Mobile\node_modules\@img\sharp-libvips-linux-x64
104 silly reify mark deleted [
104 silly reify   'C:\\Users\\Daffa\\Documents\\Projects\\PT-Hanielshen_Internship_Mobile\\node_modules\\@img\\sharp-libvips-linux-x64'
104 silly reify ]
105 verbose reify failed optional dependency C:\Users\Daffa\Documents\Projects\PT-Hanielshen_Internship_Mobile\node_modules\@img\sharp-libvips-linux-s390x
106 silly reify mark deleted [
106 silly reify   'C:\\Users\\Daffa\\Documents\\Projects\\PT-Hanielshen_Internship_Mobile\\node_modules\\@img\\sharp-libvips-linux-s390x'
106 silly reify ]
107 verbose reify failed optional dependency C:\Users\Daffa\Documents\Projects\PT-Hanielshen_Internship_Mobile\node_modules\@img\sharp-libvips-linux-ppc64
108 silly reify mark deleted [
108 silly reify   'C:\\Users\\Daffa\\Documents\\Projects\\PT-Hanielshen_Internship_Mobile\\node_modules\\@img\\sharp-libvips-linux-ppc64'
108 silly reify ]
109 verbose reify failed optional dependency C:\Users\Daffa\Documents\Projects\PT-Hanielshen_Internship_Mobile\node_modules\@img\sharp-libvips-linux-arm64
110 silly reify mark deleted [
110 silly reify   'C:\\Users\\Daffa\\Documents\\Projects\\PT-Hanielshen_Internship_Mobile\\node_modules\\@img\\sharp-libvips-linux-arm64'
110 silly reify ]
111 verbose reify failed optional dependency C:\Users\Daffa\Documents\Projects\PT-Hanielshen_Internship_Mobile\node_modules\@img\sharp-libvips-linux-arm
112 silly reify mark deleted [
112 silly reify   'C:\\Users\\Daffa\\Documents\\Projects\\PT-Hanielshen_Internship_Mobile\\node_modules\\@img\\sharp-libvips-linux-arm'
112 silly reify ]
113 verbose reify failed optional dependency C:\Users\Daffa\Documents\Projects\PT-Hanielshen_Internship_Mobile\node_modules\@img\sharp-libvips-darwin-x64
114 silly reify mark deleted [
114 silly reify   'C:\\Users\\Daffa\\Documents\\Projects\\PT-Hanielshen_Internship_Mobile\\node_modules\\@img\\sharp-libvips-darwin-x64'
114 silly reify ]
115 verbose reify failed optional dependency C:\Users\Daffa\Documents\Projects\PT-Hanielshen_Internship_Mobile\node_modules\@img\sharp-libvips-darwin-arm64
116 silly reify mark deleted [
116 silly reify   'C:\\Users\\Daffa\\Documents\\Projects\\PT-Hanielshen_Internship_Mobile\\node_modules\\@img\\sharp-libvips-darwin-arm64'
116 silly reify ]
117 verbose reify failed optional dependency C:\Users\Daffa\Documents\Projects\PT-Hanielshen_Internship_Mobile\node_modules\@img\sharp-darwin-x64
118 silly reify mark deleted [
118 silly reify   'C:\\Users\\Daffa\\Documents\\Projects\\PT-Hanielshen_Internship_Mobile\\node_modules\\@img\\sharp-darwin-x64'
118 silly reify ]
119 verbose reify failed optional dependency C:\Users\Daffa\Documents\Projects\PT-Hanielshen_Internship_Mobile\node_modules\@img\sharp-darwin-arm64
120 silly reify mark deleted [
120 silly reify   'C:\\Users\\Daffa\\Documents\\Projects\\PT-Hanielshen_Internship_Mobile\\node_modules\\@img\\sharp-darwin-arm64'
120 silly reify ]
121 http cache lucide-react@https://registry.npmjs.org/lucide-react/-/lucide-react-0.544.0.tgz 0ms (cache hit)
122 silly tarball no local data for lucide-react@https://registry.npmjs.org/lucide-react/-/lucide-react-0.544.0.tgz. Extracting by manifest.
123 http fetch POST 200 https://registry.npmjs.org/-/npm/v1/security/advisories/bulk 537ms
124 silly audit report {}
125 http fetch GET 200 https://registry.npmjs.org/lucide-react/-/lucide-react-0.544.0.tgz 8014ms (cache miss)
126 silly ADD node_modules/lucide-react
127 silly ADD node_modules/lightningcss-win32-arm64-msvc
128 silly ADD node_modules/lightningcss-linux-x64-musl
129 silly ADD node_modules/lightningcss-linux-x64-gnu
130 silly ADD node_modules/lightningcss-linux-arm64-musl
131 silly ADD node_modules/lightningcss-linux-arm64-gnu
132 silly ADD node_modules/lightningcss-linux-arm-gnueabihf
133 silly ADD node_modules/lightningcss-freebsd-x64
134 silly ADD node_modules/lightningcss-darwin-x64
135 silly ADD node_modules/lightningcss-darwin-arm64
136 silly ADD node_modules/@tailwindcss/oxide-win32-arm64-msvc
137 silly ADD node_modules/@tailwindcss/oxide-wasm32-wasi
138 silly ADD node_modules/@tailwindcss/oxide-linux-x64-musl
139 silly ADD node_modules/@tailwindcss/oxide-linux-x64-gnu
140 silly ADD node_modules/@tailwindcss/oxide-linux-arm64-musl
141 silly ADD node_modules/@tailwindcss/oxide-linux-arm64-gnu
142 silly ADD node_modules/@tailwindcss/oxide-linux-arm-gnueabihf
143 silly ADD node_modules/@tailwindcss/oxide-freebsd-x64
144 silly ADD node_modules/@tailwindcss/oxide-darwin-x64
145 silly ADD node_modules/@tailwindcss/oxide-darwin-arm64
146 silly ADD node_modules/@tailwindcss/oxide-android-arm64
147 silly ADD node_modules/@next/swc-win32-arm64-msvc
148 silly ADD node_modules/@next/swc-linux-x64-musl
149 silly ADD node_modules/@next/swc-linux-x64-gnu
150 silly ADD node_modules/@next/swc-linux-arm64-musl
151 silly ADD node_modules/@next/swc-linux-arm64-gnu
152 silly ADD node_modules/@next/swc-darwin-x64
153 silly ADD node_modules/@next/swc-darwin-arm64
154 silly ADD node_modules/@img/sharp-win32-ia32
155 silly ADD node_modules/@img/sharp-win32-arm64
156 silly ADD node_modules/@img/sharp-wasm32
157 silly ADD node_modules/@img/sharp-linuxmusl-x64
158 silly ADD node_modules/@img/sharp-linuxmusl-arm64
159 silly ADD node_modules/@img/sharp-linux-x64
160 silly ADD node_modules/@img/sharp-linux-s390x
161 silly ADD node_modules/@img/sharp-linux-ppc64
162 silly ADD node_modules/@img/sharp-linux-arm64
163 silly ADD node_modules/@img/sharp-linux-arm
164 silly ADD node_modules/@img/sharp-libvips-linuxmusl-x64
165 silly ADD node_modules/@img/sharp-libvips-linuxmusl-arm64
166 silly ADD node_modules/@img/sharp-libvips-linux-x64
167 silly ADD node_modules/@img/sharp-libvips-linux-s390x
168 silly ADD node_modules/@img/sharp-libvips-linux-ppc64
169 silly ADD node_modules/@img/sharp-libvips-linux-arm64
170 silly ADD node_modules/@img/sharp-libvips-linux-arm
171 silly ADD node_modules/@img/sharp-libvips-darwin-x64
172 silly ADD node_modules/@img/sharp-libvips-darwin-arm64
173 silly ADD node_modules/@img/sharp-darwin-x64
174 silly ADD node_modules/@img/sharp-darwin-arm64
175 verbose cwd C:\Users\Daffa\Documents\Projects\PT-Hanielshen_Internship_Mobile
176 verbose os Windows_NT 10.0.26100
177 verbose node v22.18.0
178 verbose npm  v11.6.1
179 verbose exit 0
180 info ok
